{"/home/aviv/dev/timeline_game/frontend/src/App.tsx": {"path":"/home/aviv/dev/timeline_game/frontend/src/App.tsx","all":false,"statementMap":{"1":{"start":{"line":2,"column":0},"end":{"line":2,"column":84}},"2":{"start":{"line":3,"column":0},"end":{"line":3,"column":40}},"3":{"start":{"line":4,"column":0},"end":{"line":4,"column":52}},"4":{"start":{"line":5,"column":0},"end":{"line":5,"column":48}},"5":{"start":{"line":6,"column":0},"end":{"line":6,"column":40}},"7":{"start":{"line":8,"column":0},"end":{"line":8,"column":29}},"8":{"start":{"line":9,"column":0},"end":{"line":9,"column":10}},"9":{"start":{"line":10,"column":0},"end":{"line":10,"column":12}},"10":{"start":{"line":11,"column":0},"end":{"line":11,"column":27}},"11":{"start":{"line":12,"column":0},"end":{"line":12,"column":16}},"12":{"start":{"line":13,"column":0},"end":{"line":13,"column":51}},"13":{"start":{"line":14,"column":0},"end":{"line":14,"column":68}},"14":{"start":{"line":15,"column":0},"end":{"line":15,"column":64}},"15":{"start":{"line":16,"column":0},"end":{"line":16,"column":63}},"16":{"start":{"line":17,"column":0},"end":{"line":17,"column":66}},"17":{"start":{"line":18,"column":0},"end":{"line":18,"column":17}},"18":{"start":{"line":19,"column":0},"end":{"line":19,"column":12}},"19":{"start":{"line":20,"column":0},"end":{"line":20,"column":13}},"21":{"start":{"line":22,"column":0},"end":{"line":22,"column":2}},"23":{"start":{"line":24,"column":0},"end":{"line":24,"column":19}}},"s":{"1":1,"2":1,"3":1,"4":1,"5":1,"7":1,"8":1,"9":1,"10":1,"11":1,"12":1,"13":1,"14":1,"15":1,"16":1,"17":1,"18":1,"19":1,"21":1,"23":1},"branchMap":{"0":{"type":"branch","line":8,"loc":{"start":{"line":8,"column":22},"end":{"line":22,"column":2}},"locations":[{"start":{"line":8,"column":22},"end":{"line":22,"column":2}}]}},"b":{"0":[1]},"fnMap":{"0":{"name":"App","decl":{"start":{"line":8,"column":22},"end":{"line":22,"column":2}},"loc":{"start":{"line":8,"column":22},"end":{"line":22,"column":2}},"line":8}},"f":{"0":1}}
,"/home/aviv/dev/timeline_game/frontend/src/main.tsx": {"path":"/home/aviv/dev/timeline_game/frontend/src/main.tsx","all":true,"statementMap":{"0":{"start":{"line":1,"column":0},"end":{"line":1,"column":34}},"1":{"start":{"line":2,"column":0},"end":{"line":2,"column":45}},"2":{"start":{"line":3,"column":0},"end":{"line":3,"column":20}},"3":{"start":{"line":4,"column":0},"end":{"line":4,"column":27}},"5":{"start":{"line":6,"column":0},"end":{"line":6,"column":52}},"6":{"start":{"line":7,"column":0},"end":{"line":7,"column":14}},"7":{"start":{"line":8,"column":0},"end":{"line":8,"column":11}},"8":{"start":{"line":9,"column":0},"end":{"line":9,"column":16}},"9":{"start":{"line":10,"column":0},"end":{"line":10,"column":1}}},"s":{"0":0,"1":0,"2":0,"3":0,"5":0,"6":0,"7":0,"8":0,"9":0},"branchMap":{"0":{"type":"branch","line":1,"loc":{"start":{"line":1,"column":203},"end":{"line":10,"column":-148}},"locations":[{"start":{"line":1,"column":203},"end":{"line":10,"column":-148}}]}},"b":{"0":[0]},"fnMap":{"0":{"name":"(empty-report)","decl":{"start":{"line":1,"column":203},"end":{"line":10,"column":-148}},"loc":{"start":{"line":1,"column":203},"end":{"line":10,"column":-148}},"line":1}},"f":{"0":0}}
,"/home/aviv/dev/timeline_game/frontend/src/vite-env.d.ts": {"path":"/home/aviv/dev/timeline_game/frontend/src/vite-env.d.ts","all":true,"statementMap":{},"s":{},"branchMap":{"0":{"type":"branch","line":1,"loc":{"start":{"line":1,"column":37},"end":{"line":1,"column":37}},"locations":[{"start":{"line":1,"column":37},"end":{"line":1,"column":37}}]}},"b":{"0":[1]},"fnMap":{"0":{"name":"(empty-report)","decl":{"start":{"line":1,"column":37},"end":{"line":1,"column":37}},"loc":{"start":{"line":1,"column":37},"end":{"line":1,"column":37}},"line":1}},"f":{"0":1}}
,"/home/aviv/dev/timeline_game/frontend/src/components/common/Button.tsx": {"path":"/home/aviv/dev/timeline_game/frontend/src/components/common/Button.tsx","all":false,"statementMap":{"14":{"start":{"line":15,"column":0},"end":{"line":15,"column":40}},"15":{"start":{"line":16,"column":0},"end":{"line":16,"column":22}},"16":{"start":{"line":17,"column":0},"end":{"line":17,"column":14}},"17":{"start":{"line":18,"column":0},"end":{"line":18,"column":19}},"18":{"start":{"line":19,"column":0},"end":{"line":19,"column":18}},"19":{"start":{"line":20,"column":0},"end":{"line":20,"column":10}},"20":{"start":{"line":21,"column":0},"end":{"line":21,"column":18}},"21":{"start":{"line":22,"column":0},"end":{"line":22,"column":11}},"22":{"start":{"line":23,"column":0},"end":{"line":23,"column":17}},"23":{"start":{"line":24,"column":0},"end":{"line":24,"column":10}},"24":{"start":{"line":25,"column":0},"end":{"line":25,"column":7}},"25":{"start":{"line":26,"column":0},"end":{"line":26,"column":120}},"27":{"start":{"line":28,"column":0},"end":{"line":28,"column":26}},"28":{"start":{"line":29,"column":0},"end":{"line":29,"column":27}},"29":{"start":{"line":30,"column":0},"end":{"line":30,"column":31}},"30":{"start":{"line":31,"column":0},"end":{"line":31,"column":25}},"31":{"start":{"line":32,"column":0},"end":{"line":32,"column":27}},"32":{"start":{"line":33,"column":0},"end":{"line":33,"column":4}},"34":{"start":{"line":35,"column":0},"end":{"line":35,"column":23}},"35":{"start":{"line":36,"column":0},"end":{"line":36,"column":30}},"36":{"start":{"line":37,"column":0},"end":{"line":37,"column":28}},"37":{"start":{"line":38,"column":0},"end":{"line":38,"column":30}},"38":{"start":{"line":39,"column":0},"end":{"line":39,"column":4}},"40":{"start":{"line":41,"column":0},"end":{"line":41,"column":19}},"41":{"start":{"line":42,"column":0},"end":{"line":42,"column":16}},"42":{"start":{"line":43,"column":0},"end":{"line":43,"column":28}},"43":{"start":{"line":44,"column":0},"end":{"line":44,"column":22}},"44":{"start":{"line":45,"column":0},"end":{"line":45,"column":63}},"45":{"start":{"line":46,"column":0},"end":{"line":46,"column":14}},"46":{"start":{"line":47,"column":0},"end":{"line":47,"column":30}},"48":{"start":{"line":49,"column":0},"end":{"line":49,"column":10}},"49":{"start":{"line":50,"column":0},"end":{"line":50,"column":11}},"50":{"start":{"line":51,"column":0},"end":{"line":51,"column":17}},"51":{"start":{"line":52,"column":0},"end":{"line":52,"column":25}},"52":{"start":{"line":53,"column":0},"end":{"line":53,"column":36}},"53":{"start":{"line":54,"column":0},"end":{"line":54,"column":23}},"54":{"start":{"line":55,"column":0},"end":{"line":55,"column":16}},"56":{"start":{"line":57,"column":0},"end":{"line":57,"column":19}},"57":{"start":{"line":58,"column":0},"end":{"line":58,"column":12}},"58":{"start":{"line":59,"column":0},"end":{"line":59,"column":39}},"59":{"start":{"line":60,"column":0},"end":{"line":60,"column":53}},"60":{"start":{"line":61,"column":0},"end":{"line":61,"column":44}},"61":{"start":{"line":62,"column":0},"end":{"line":62,"column":21}},"62":{"start":{"line":63,"column":0},"end":{"line":63,"column":29}},"64":{"start":{"line":65,"column":0},"end":{"line":65,"column":17}},"65":{"start":{"line":66,"column":0},"end":{"line":66,"column":34}},"66":{"start":{"line":67,"column":0},"end":{"line":67,"column":19}},"67":{"start":{"line":68,"column":0},"end":{"line":68,"column":19}},"68":{"start":{"line":69,"column":0},"end":{"line":69,"column":18}},"69":{"start":{"line":70,"column":0},"end":{"line":70,"column":33}},"70":{"start":{"line":71,"column":0},"end":{"line":71,"column":27}},"71":{"start":{"line":72,"column":0},"end":{"line":72,"column":12}},"72":{"start":{"line":73,"column":0},"end":{"line":73,"column":15}},"73":{"start":{"line":74,"column":0},"end":{"line":74,"column":34}},"74":{"start":{"line":75,"column":0},"end":{"line":75,"column":31}},"75":{"start":{"line":76,"column":0},"end":{"line":76,"column":127}},"76":{"start":{"line":77,"column":0},"end":{"line":77,"column":12}},"77":{"start":{"line":78,"column":0},"end":{"line":78,"column":14}},"79":{"start":{"line":80,"column":0},"end":{"line":80,"column":16}},"80":{"start":{"line":81,"column":0},"end":{"line":81,"column":13}},"82":{"start":{"line":83,"column":0},"end":{"line":83,"column":2}},"84":{"start":{"line":85,"column":0},"end":{"line":85,"column":22}}},"s":{"14":1,"15":515,"16":515,"17":515,"18":515,"19":515,"20":515,"21":515,"22":515,"23":515,"24":515,"25":515,"27":515,"28":515,"29":515,"30":515,"31":515,"32":515,"34":515,"35":515,"36":515,"37":515,"38":515,"40":515,"41":515,"42":515,"43":515,"44":515,"45":515,"46":515,"48":515,"49":515,"50":515,"51":515,"52":515,"53":515,"54":515,"56":515,"57":13,"58":13,"59":13,"60":13,"61":13,"62":13,"64":13,"65":13,"66":13,"67":13,"68":13,"69":13,"70":13,"71":13,"72":13,"73":13,"74":13,"75":13,"76":13,"77":13,"79":515,"80":515,"82":515,"84":1},"branchMap":{"0":{"type":"branch","line":15,"loc":{"start":{"line":15,"column":38},"end":{"line":83,"column":2}},"locations":[{"start":{"line":15,"column":38},"end":{"line":83,"column":2}}]},"1":{"type":"branch","line":45,"loc":{"start":{"line":45,"column":4},"end":{"line":45,"column":26}},"locations":[{"start":{"line":45,"column":4},"end":{"line":45,"column":26}}]},"2":{"type":"branch","line":45,"loc":{"start":{"line":45,"column":16},"end":{"line":45,"column":60}},"locations":[{"start":{"line":45,"column":16},"end":{"line":45,"column":60}}]},"3":{"type":"branch","line":45,"loc":{"start":{"line":45,"column":26},"end":{"line":45,"column":63}},"locations":[{"start":{"line":45,"column":26},"end":{"line":45,"column":63}}]},"4":{"type":"branch","line":53,"loc":{"start":{"line":53,"column":16},"end":{"line":53,"column":36}},"locations":[{"start":{"line":53,"column":16},"end":{"line":53,"column":36}}]},"5":{"type":"branch","line":57,"loc":{"start":{"line":57,"column":7},"end":{"line":78,"column":14}},"locations":[{"start":{"line":57,"column":7},"end":{"line":78,"column":14}}]}},"b":{"0":[515],"1":[502],"2":[14],"3":[501],"4":[502],"5":[13]},"fnMap":{"0":{"name":"Button","decl":{"start":{"line":15,"column":38},"end":{"line":83,"column":2}},"loc":{"start":{"line":15,"column":38},"end":{"line":83,"column":2}},"line":15}},"f":{"0":515}}
,"/home/aviv/dev/timeline_game/frontend/src/components/common/ErrorMessage.tsx": {"path":"/home/aviv/dev/timeline_game/frontend/src/components/common/ErrorMessage.tsx","all":false,"statementMap":{"10":{"start":{"line":11,"column":0},"end":{"line":11,"column":52}},"11":{"start":{"line":12,"column":0},"end":{"line":12,"column":8}},"12":{"start":{"line":13,"column":0},"end":{"line":13,"column":10}},"13":{"start":{"line":14,"column":0},"end":{"line":14,"column":20}},"14":{"start":{"line":15,"column":0},"end":{"line":15,"column":10}},"15":{"start":{"line":16,"column":0},"end":{"line":16,"column":17}},"16":{"start":{"line":17,"column":0},"end":{"line":17,"column":7}},"17":{"start":{"line":18,"column":0},"end":{"line":18,"column":26}},"18":{"start":{"line":19,"column":0},"end":{"line":19,"column":60}},"19":{"start":{"line":20,"column":0},"end":{"line":20,"column":62}},"20":{"start":{"line":21,"column":0},"end":{"line":21,"column":53}},"21":{"start":{"line":22,"column":0},"end":{"line":22,"column":4}},"23":{"start":{"line":24,"column":0},"end":{"line":24,"column":23}},"24":{"start":{"line":25,"column":0},"end":{"line":25,"column":29}},"25":{"start":{"line":26,"column":0},"end":{"line":26,"column":31}},"26":{"start":{"line":27,"column":0},"end":{"line":27,"column":26}},"27":{"start":{"line":28,"column":0},"end":{"line":28,"column":4}},"29":{"start":{"line":30,"column":0},"end":{"line":30,"column":25}},"30":{"start":{"line":31,"column":0},"end":{"line":31,"column":51}},"31":{"start":{"line":32,"column":0},"end":{"line":32,"column":53}},"32":{"start":{"line":33,"column":0},"end":{"line":33,"column":46}},"33":{"start":{"line":34,"column":0},"end":{"line":34,"column":4}},"35":{"start":{"line":36,"column":0},"end":{"line":36,"column":10}},"36":{"start":{"line":37,"column":0},"end":{"line":37,"column":85}},"37":{"start":{"line":38,"column":0},"end":{"line":38,"column":28}},"38":{"start":{"line":39,"column":0},"end":{"line":39,"column":39}},"39":{"start":{"line":40,"column":0},"end":{"line":40,"column":35}},"40":{"start":{"line":41,"column":0},"end":{"line":41,"column":16}},"41":{"start":{"line":42,"column":0},"end":{"line":42,"column":59}},"42":{"start":{"line":43,"column":0},"end":{"line":43,"column":33}},"43":{"start":{"line":44,"column":0},"end":{"line":44,"column":33}},"45":{"start":{"line":46,"column":0},"end":{"line":46,"column":19}},"46":{"start":{"line":47,"column":0},"end":{"line":47,"column":34}},"47":{"start":{"line":48,"column":0},"end":{"line":48,"column":235}},"48":{"start":{"line":49,"column":0},"end":{"line":49,"column":34}},"49":{"start":{"line":50,"column":0},"end":{"line":50,"column":16}},"50":{"start":{"line":51,"column":0},"end":{"line":51,"column":18}},"52":{"start":{"line":53,"column":0},"end":{"line":53,"column":37}},"53":{"start":{"line":54,"column":0},"end":{"line":54,"column":16}},"54":{"start":{"line":55,"column":0},"end":{"line":55,"column":59}},"55":{"start":{"line":56,"column":0},"end":{"line":56,"column":33}},"56":{"start":{"line":57,"column":0},"end":{"line":57,"column":33}},"58":{"start":{"line":59,"column":0},"end":{"line":59,"column":19}},"59":{"start":{"line":60,"column":0},"end":{"line":60,"column":34}},"60":{"start":{"line":61,"column":0},"end":{"line":61,"column":229}},"61":{"start":{"line":62,"column":0},"end":{"line":62,"column":34}},"62":{"start":{"line":63,"column":0},"end":{"line":63,"column":16}},"63":{"start":{"line":64,"column":0},"end":{"line":64,"column":18}},"65":{"start":{"line":66,"column":0},"end":{"line":66,"column":34}},"66":{"start":{"line":67,"column":0},"end":{"line":67,"column":16}},"67":{"start":{"line":68,"column":0},"end":{"line":68,"column":59}},"68":{"start":{"line":69,"column":0},"end":{"line":69,"column":33}},"69":{"start":{"line":70,"column":0},"end":{"line":70,"column":33}},"71":{"start":{"line":72,"column":0},"end":{"line":72,"column":19}},"72":{"start":{"line":73,"column":0},"end":{"line":73,"column":34}},"73":{"start":{"line":74,"column":0},"end":{"line":74,"column":148}},"74":{"start":{"line":75,"column":0},"end":{"line":75,"column":34}},"75":{"start":{"line":76,"column":0},"end":{"line":76,"column":16}},"76":{"start":{"line":77,"column":0},"end":{"line":77,"column":18}},"78":{"start":{"line":79,"column":0},"end":{"line":79,"column":14}},"79":{"start":{"line":80,"column":0},"end":{"line":80,"column":30}},"80":{"start":{"line":81,"column":0},"end":{"line":81,"column":21}},"81":{"start":{"line":82,"column":0},"end":{"line":82,"column":60}},"83":{"start":{"line":84,"column":0},"end":{"line":84,"column":40}},"84":{"start":{"line":85,"column":0},"end":{"line":85,"column":28}},"85":{"start":{"line":86,"column":0},"end":{"line":86,"column":16}},"86":{"start":{"line":87,"column":0},"end":{"line":87,"column":23}},"87":{"start":{"line":88,"column":0},"end":{"line":88,"column":34}},"88":{"start":{"line":89,"column":0},"end":{"line":89,"column":21}},"89":{"start":{"line":90,"column":0},"end":{"line":90,"column":29}},"90":{"start":{"line":91,"column":0},"end":{"line":91,"column":126}},"91":{"start":{"line":92,"column":0},"end":{"line":92,"column":33}},"92":{"start":{"line":93,"column":0},"end":{"line":93,"column":15}},"94":{"start":{"line":95,"column":0},"end":{"line":95,"column":23}},"95":{"start":{"line":96,"column":0},"end":{"line":96,"column":18}},"97":{"start":{"line":98,"column":0},"end":{"line":98,"column":14}},"98":{"start":{"line":99,"column":0},"end":{"line":99,"column":12}},"99":{"start":{"line":100,"column":0},"end":{"line":100,"column":10}},"101":{"start":{"line":102,"column":0},"end":{"line":102,"column":2}},"103":{"start":{"line":104,"column":0},"end":{"line":104,"column":28}}},"s":{"10":1,"11":32,"12":32,"13":32,"14":32,"15":32,"16":32,"17":32,"18":32,"19":32,"20":32,"21":32,"23":32,"24":32,"25":32,"26":32,"27":32,"29":32,"30":32,"31":32,"32":32,"33":32,"35":32,"36":32,"37":32,"38":32,"39":32,"40":22,"41":22,"42":22,"43":22,"45":22,"46":22,"47":22,"48":22,"49":22,"50":22,"52":32,"53":5,"54":5,"55":5,"56":5,"58":5,"59":5,"60":5,"61":5,"62":5,"63":5,"65":32,"66":5,"67":5,"68":5,"69":5,"71":5,"72":5,"73":5,"74":5,"75":5,"76":5,"78":32,"79":32,"80":32,"81":5,"83":32,"84":32,"85":32,"86":32,"87":9,"88":9,"89":9,"90":9,"91":9,"92":9,"94":9,"95":9,"97":32,"98":32,"99":32,"101":32,"103":1},"branchMap":{"0":{"type":"branch","line":11,"loc":{"start":{"line":11,"column":50},"end":{"line":102,"column":2}},"locations":[{"start":{"line":11,"column":50},"end":{"line":102,"column":2}}]},"1":{"type":"branch","line":40,"loc":{"start":{"line":40,"column":23},"end":{"line":51,"column":18}},"locations":[{"start":{"line":40,"column":23},"end":{"line":51,"column":18}}]},"2":{"type":"branch","line":53,"loc":{"start":{"line":53,"column":23},"end":{"line":64,"column":18}},"locations":[{"start":{"line":53,"column":23},"end":{"line":64,"column":18}}]},"3":{"type":"branch","line":66,"loc":{"start":{"line":66,"column":23},"end":{"line":77,"column":18}},"locations":[{"start":{"line":66,"column":23},"end":{"line":77,"column":18}}]},"4":{"type":"branch","line":81,"loc":{"start":{"line":81,"column":11},"end":{"line":82,"column":60}},"locations":[{"start":{"line":81,"column":11},"end":{"line":82,"column":60}}]},"5":{"type":"branch","line":87,"loc":{"start":{"line":87,"column":11},"end":{"line":96,"column":18}},"locations":[{"start":{"line":87,"column":11},"end":{"line":96,"column":18}}]}},"b":{"0":[32],"1":[22],"2":[5],"3":[5],"4":[5],"5":[9]},"fnMap":{"0":{"name":"ErrorMessage","decl":{"start":{"line":11,"column":50},"end":{"line":102,"column":2}},"loc":{"start":{"line":11,"column":50},"end":{"line":102,"column":2}},"line":11}},"f":{"0":32}}
,"/home/aviv/dev/timeline_game/frontend/src/components/common/Input.tsx": {"path":"/home/aviv/dev/timeline_game/frontend/src/components/common/Input.tsx","all":false,"statementMap":{"0":{"start":{"line":1,"column":0},"end":{"line":1,"column":42}},"18":{"start":{"line":19,"column":0},"end":{"line":19,"column":57}},"19":{"start":{"line":20,"column":0},"end":{"line":20,"column":8}},"20":{"start":{"line":21,"column":0},"end":{"line":21,"column":14}},"21":{"start":{"line":22,"column":0},"end":{"line":22,"column":16}},"22":{"start":{"line":23,"column":0},"end":{"line":23,"column":13}},"23":{"start":{"line":24,"column":0},"end":{"line":24,"column":11}},"24":{"start":{"line":25,"column":0},"end":{"line":25,"column":9}},"25":{"start":{"line":26,"column":0},"end":{"line":26,"column":8}},"26":{"start":{"line":27,"column":0},"end":{"line":27,"column":19}},"27":{"start":{"line":28,"column":0},"end":{"line":28,"column":19}},"28":{"start":{"line":29,"column":0},"end":{"line":29,"column":12}},"29":{"start":{"line":30,"column":0},"end":{"line":30,"column":17}},"30":{"start":{"line":31,"column":0},"end":{"line":31,"column":5}},"31":{"start":{"line":32,"column":0},"end":{"line":32,"column":12}},"32":{"start":{"line":33,"column":0},"end":{"line":33,"column":75}},"34":{"start":{"line":35,"column":0},"end":{"line":35,"column":68}},"35":{"start":{"line":36,"column":0},"end":{"line":36,"column":19}},"36":{"start":{"line":37,"column":0},"end":{"line":37,"column":31}},"37":{"start":{"line":38,"column":0},"end":{"line":38,"column":5}},"38":{"start":{"line":39,"column":0},"end":{"line":39,"column":4}},"40":{"start":{"line":41,"column":0},"end":{"line":41,"column":24}},"41":{"start":{"line":42,"column":0},"end":{"line":42,"column":12}},"42":{"start":{"line":43,"column":0},"end":{"line":43,"column":31}},"43":{"start":{"line":44,"column":0},"end":{"line":44,"column":52}},"44":{"start":{"line":45,"column":0},"end":{"line":45,"column":14}},"45":{"start":{"line":46,"column":0},"end":{"line":46,"column":30}},"47":{"start":{"line":48,"column":0},"end":{"line":48,"column":10}},"48":{"start":{"line":49,"column":0},"end":{"line":49,"column":28}},"49":{"start":{"line":50,"column":0},"end":{"line":50,"column":17}},"50":{"start":{"line":51,"column":0},"end":{"line":51,"column":14}},"51":{"start":{"line":52,"column":0},"end":{"line":52,"column":27}},"52":{"start":{"line":53,"column":0},"end":{"line":53,"column":66}},"54":{"start":{"line":55,"column":0},"end":{"line":55,"column":17}},"55":{"start":{"line":56,"column":0},"end":{"line":56,"column":71}},"56":{"start":{"line":57,"column":0},"end":{"line":57,"column":16}},"58":{"start":{"line":59,"column":0},"end":{"line":59,"column":12}},"59":{"start":{"line":60,"column":0},"end":{"line":60,"column":17}},"60":{"start":{"line":61,"column":0},"end":{"line":61,"column":20}},"61":{"start":{"line":62,"column":0},"end":{"line":62,"column":19}},"62":{"start":{"line":63,"column":0},"end":{"line":63,"column":21}},"63":{"start":{"line":64,"column":0},"end":{"line":64,"column":31}},"64":{"start":{"line":65,"column":0},"end":{"line":65,"column":23}},"65":{"start":{"line":66,"column":0},"end":{"line":66,"column":33}},"66":{"start":{"line":67,"column":0},"end":{"line":67,"column":27}},"67":{"start":{"line":68,"column":0},"end":{"line":68,"column":27}},"68":{"start":{"line":69,"column":0},"end":{"line":69,"column":29}},"69":{"start":{"line":70,"column":0},"end":{"line":70,"column":32}},"70":{"start":{"line":71,"column":0},"end":{"line":71,"column":47}},"71":{"start":{"line":72,"column":0},"end":{"line":72,"column":65}},"72":{"start":{"line":73,"column":0},"end":{"line":73,"column":8}},"73":{"start":{"line":74,"column":0},"end":{"line":74,"column":17}},"74":{"start":{"line":75,"column":0},"end":{"line":75,"column":10}},"75":{"start":{"line":76,"column":0},"end":{"line":76,"column":33}},"76":{"start":{"line":77,"column":0},"end":{"line":77,"column":50}},"77":{"start":{"line":78,"column":0},"end":{"line":78,"column":22}},"79":{"start":{"line":80,"column":0},"end":{"line":80,"column":17}},"80":{"start":{"line":81,"column":0},"end":{"line":81,"column":12}},"82":{"start":{"line":83,"column":0},"end":{"line":83,"column":10}},"84":{"start":{"line":85,"column":0},"end":{"line":85,"column":3}},"86":{"start":{"line":87,"column":0},"end":{"line":87,"column":28}},"88":{"start":{"line":89,"column":0},"end":{"line":89,"column":21}}},"s":{"0":1,"18":1,"19":24,"20":24,"21":24,"22":24,"23":24,"24":24,"25":24,"26":24,"27":24,"28":24,"29":24,"30":24,"31":24,"32":24,"34":24,"35":25,"36":24,"37":24,"38":25,"40":24,"41":24,"42":24,"43":24,"44":24,"45":24,"47":24,"48":24,"49":24,"50":23,"51":23,"52":23,"54":23,"55":23,"56":23,"58":24,"59":24,"60":24,"61":24,"62":24,"63":24,"64":24,"65":24,"66":24,"67":24,"68":24,"69":24,"70":24,"71":24,"72":24,"73":24,"74":3,"75":3,"76":3,"77":3,"79":3,"80":3,"82":24,"84":24,"86":1,"88":1},"branchMap":{"0":{"type":"branch","line":19,"loc":{"start":{"line":19,"column":55},"end":{"line":85,"column":3}},"locations":[{"start":{"line":19,"column":55},"end":{"line":85,"column":3}}]},"1":{"type":"branch","line":43,"loc":{"start":{"line":43,"column":4},"end":{"line":43,"column":28}},"locations":[{"start":{"line":43,"column":4},"end":{"line":43,"column":28}}]},"2":{"type":"branch","line":43,"loc":{"start":{"line":43,"column":12},"end":{"line":43,"column":31}},"locations":[{"start":{"line":43,"column":12},"end":{"line":43,"column":31}}]},"3":{"type":"branch","line":44,"loc":{"start":{"line":44,"column":4},"end":{"line":44,"column":49}},"locations":[{"start":{"line":44,"column":4},"end":{"line":44,"column":49}}]},"4":{"type":"branch","line":44,"loc":{"start":{"line":44,"column":15},"end":{"line":44,"column":52}},"locations":[{"start":{"line":44,"column":15},"end":{"line":44,"column":52}}]},"5":{"type":"branch","line":50,"loc":{"start":{"line":50,"column":7},"end":{"line":57,"column":16}},"locations":[{"start":{"line":50,"column":7},"end":{"line":57,"column":16}}]},"6":{"type":"branch","line":56,"loc":{"start":{"line":56,"column":11},"end":{"line":56,"column":71}},"locations":[{"start":{"line":56,"column":11},"end":{"line":56,"column":71}}]},"7":{"type":"branch","line":71,"loc":{"start":{"line":71,"column":22},"end":{"line":71,"column":39}},"locations":[{"start":{"line":71,"column":22},"end":{"line":71,"column":39}}]},"8":{"type":"branch","line":71,"loc":{"start":{"line":71,"column":30},"end":{"line":71,"column":47}},"locations":[{"start":{"line":71,"column":30},"end":{"line":71,"column":47}}]},"9":{"type":"branch","line":72,"loc":{"start":{"line":72,"column":26},"end":{"line":72,"column":55}},"locations":[{"start":{"line":72,"column":26},"end":{"line":72,"column":55}}]},"10":{"type":"branch","line":72,"loc":{"start":{"line":72,"column":44},"end":{"line":72,"column":65}},"locations":[{"start":{"line":72,"column":44},"end":{"line":72,"column":65}}]},"11":{"type":"branch","line":74,"loc":{"start":{"line":74,"column":7},"end":{"line":81,"column":12}},"locations":[{"start":{"line":74,"column":7},"end":{"line":81,"column":12}}]},"12":{"type":"branch","line":35,"loc":{"start":{"line":35,"column":23},"end":{"line":39,"column":4}},"locations":[{"start":{"line":35,"column":23},"end":{"line":39,"column":4}}]},"13":{"type":"branch","line":36,"loc":{"start":{"line":36,"column":18},"end":{"line":38,"column":5}},"locations":[{"start":{"line":36,"column":18},"end":{"line":38,"column":5}}]}},"b":{"0":[24],"1":[3],"2":[21],"3":[1],"4":[23],"5":[23],"6":[1],"7":[3],"8":[21],"9":[3],"10":[21],"11":[3],"12":[25],"13":[24]},"fnMap":{"0":{"name":"handleChange","decl":{"start":{"line":35,"column":23},"end":{"line":39,"column":4}},"loc":{"start":{"line":35,"column":23},"end":{"line":39,"column":4}},"line":35}},"f":{"0":25}}
,"/home/aviv/dev/timeline_game/frontend/src/components/common/Loading.tsx": {"path":"/home/aviv/dev/timeline_game/frontend/src/components/common/Loading.tsx","all":false,"statementMap":{"9":{"start":{"line":10,"column":0},"end":{"line":10,"column":42}},"10":{"start":{"line":11,"column":0},"end":{"line":11,"column":14}},"11":{"start":{"line":12,"column":0},"end":{"line":12,"column":22}},"12":{"start":{"line":13,"column":0},"end":{"line":13,"column":7}},"13":{"start":{"line":14,"column":0},"end":{"line":14,"column":17}},"14":{"start":{"line":15,"column":0},"end":{"line":15,"column":7}},"15":{"start":{"line":16,"column":0},"end":{"line":16,"column":23}},"16":{"start":{"line":17,"column":0},"end":{"line":17,"column":18}},"17":{"start":{"line":18,"column":0},"end":{"line":18,"column":18}},"18":{"start":{"line":19,"column":0},"end":{"line":19,"column":20}},"19":{"start":{"line":20,"column":0},"end":{"line":20,"column":4}},"21":{"start":{"line":22,"column":0},"end":{"line":22,"column":31}},"22":{"start":{"line":23,"column":0},"end":{"line":23,"column":8}},"23":{"start":{"line":24,"column":0},"end":{"line":24,"column":70}},"24":{"start":{"line":25,"column":0},"end":{"line":25,"column":40}},"25":{"start":{"line":26,"column":0},"end":{"line":26,"column":17}},"26":{"start":{"line":27,"column":0},"end":{"line":27,"column":25}},"28":{"start":{"line":29,"column":0},"end":{"line":29,"column":13}},"29":{"start":{"line":30,"column":0},"end":{"line":30,"column":30}},"30":{"start":{"line":31,"column":0},"end":{"line":31,"column":15}},"31":{"start":{"line":32,"column":0},"end":{"line":32,"column":15}},"32":{"start":{"line":33,"column":0},"end":{"line":33,"column":14}},"33":{"start":{"line":34,"column":0},"end":{"line":34,"column":29}},"34":{"start":{"line":35,"column":0},"end":{"line":35,"column":23}},"35":{"start":{"line":36,"column":0},"end":{"line":36,"column":8}},"36":{"start":{"line":37,"column":0},"end":{"line":37,"column":11}},"37":{"start":{"line":38,"column":0},"end":{"line":38,"column":30}},"38":{"start":{"line":39,"column":0},"end":{"line":39,"column":27}},"39":{"start":{"line":40,"column":0},"end":{"line":40,"column":123}},"40":{"start":{"line":41,"column":0},"end":{"line":41,"column":8}},"41":{"start":{"line":42,"column":0},"end":{"line":42,"column":10}},"44":{"start":{"line":45,"column":0},"end":{"line":45,"column":28}},"45":{"start":{"line":46,"column":0},"end":{"line":46,"column":36}},"46":{"start":{"line":47,"column":0},"end":{"line":47,"column":125}},"47":{"start":{"line":48,"column":0},"end":{"line":48,"column":127}},"48":{"start":{"line":49,"column":0},"end":{"line":49,"column":127}},"49":{"start":{"line":50,"column":0},"end":{"line":50,"column":10}},"52":{"start":{"line":53,"column":0},"end":{"line":53,"column":29}},"53":{"start":{"line":54,"column":0},"end":{"line":54,"column":88}},"56":{"start":{"line":57,"column":0},"end":{"line":57,"column":30}},"57":{"start":{"line":58,"column":0},"end":{"line":58,"column":22}},"58":{"start":{"line":59,"column":0},"end":{"line":59,"column":18}},"59":{"start":{"line":60,"column":0},"end":{"line":60,"column":28}},"60":{"start":{"line":61,"column":0},"end":{"line":61,"column":19}},"61":{"start":{"line":62,"column":0},"end":{"line":62,"column":29}},"62":{"start":{"line":63,"column":0},"end":{"line":63,"column":14}},"63":{"start":{"line":64,"column":0},"end":{"line":64,"column":31}},"64":{"start":{"line":65,"column":0},"end":{"line":65,"column":5}},"65":{"start":{"line":66,"column":0},"end":{"line":66,"column":4}},"67":{"start":{"line":68,"column":0},"end":{"line":68,"column":10}},"68":{"start":{"line":69,"column":0},"end":{"line":69,"column":78}},"69":{"start":{"line":70,"column":0},"end":{"line":70,"column":25}},"70":{"start":{"line":71,"column":0},"end":{"line":71,"column":24}},"71":{"start":{"line":72,"column":0},"end":{"line":72,"column":12}},"72":{"start":{"line":73,"column":0},"end":{"line":73,"column":16}},"73":{"start":{"line":74,"column":0},"end":{"line":74,"column":72}},"75":{"start":{"line":76,"column":0},"end":{"line":76,"column":10}},"77":{"start":{"line":78,"column":0},"end":{"line":78,"column":2}},"79":{"start":{"line":80,"column":0},"end":{"line":80,"column":23}}},"s":{"9":1,"10":27,"11":27,"12":27,"13":27,"14":27,"15":27,"16":27,"17":27,"18":27,"19":27,"21":27,"22":23,"23":23,"24":23,"25":23,"26":23,"28":23,"29":23,"30":23,"31":23,"32":23,"33":23,"34":23,"35":23,"36":23,"37":23,"38":23,"39":23,"40":23,"41":23,"44":27,"45":2,"46":2,"47":2,"48":2,"49":2,"52":27,"53":2,"56":27,"57":27,"58":27,"59":2,"60":27,"61":2,"62":27,"63":23,"64":27,"65":27,"67":27,"68":27,"69":27,"70":27,"71":27,"72":27,"73":8,"75":27,"77":27,"79":1},"branchMap":{"0":{"type":"branch","line":10,"loc":{"start":{"line":10,"column":40},"end":{"line":78,"column":2}},"locations":[{"start":{"line":10,"column":40},"end":{"line":78,"column":2}}]},"1":{"type":"branch","line":73,"loc":{"start":{"line":73,"column":7},"end":{"line":74,"column":72}},"locations":[{"start":{"line":73,"column":7},"end":{"line":74,"column":72}}]},"2":{"type":"branch","line":22,"loc":{"start":{"line":22,"column":24},"end":{"line":42,"column":10}},"locations":[{"start":{"line":22,"column":24},"end":{"line":42,"column":10}}]},"3":{"type":"branch","line":45,"loc":{"start":{"line":45,"column":21},"end":{"line":50,"column":10}},"locations":[{"start":{"line":45,"column":21},"end":{"line":50,"column":10}}]},"4":{"type":"branch","line":53,"loc":{"start":{"line":53,"column":22},"end":{"line":54,"column":88}},"locations":[{"start":{"line":53,"column":22},"end":{"line":54,"column":88}}]},"5":{"type":"branch","line":57,"loc":{"start":{"line":57,"column":23},"end":{"line":66,"column":4}},"locations":[{"start":{"line":57,"column":23},"end":{"line":66,"column":4}}]},"6":{"type":"branch","line":59,"loc":{"start":{"line":59,"column":6},"end":{"line":60,"column":28}},"locations":[{"start":{"line":59,"column":6},"end":{"line":60,"column":28}}]},"7":{"type":"branch","line":61,"loc":{"start":{"line":61,"column":6},"end":{"line":62,"column":29}},"locations":[{"start":{"line":61,"column":6},"end":{"line":62,"column":29}}]},"8":{"type":"branch","line":63,"loc":{"start":{"line":63,"column":6},"end":{"line":64,"column":31}},"locations":[{"start":{"line":63,"column":6},"end":{"line":64,"column":31}}]}},"b":{"0":[27],"1":[8],"2":[23],"3":[2],"4":[2],"5":[27],"6":[2],"7":[2],"8":[23]},"fnMap":{"0":{"name":"Loading","decl":{"start":{"line":10,"column":40},"end":{"line":78,"column":2}},"loc":{"start":{"line":10,"column":40},"end":{"line":78,"column":2}},"line":10},"1":{"name":"renderSpinner","decl":{"start":{"line":22,"column":24},"end":{"line":42,"column":10}},"loc":{"start":{"line":22,"column":24},"end":{"line":42,"column":10}},"line":22},"2":{"name":"renderDots","decl":{"start":{"line":45,"column":21},"end":{"line":50,"column":10}},"loc":{"start":{"line":45,"column":21},"end":{"line":50,"column":10}},"line":45},"3":{"name":"renderPulse","decl":{"start":{"line":53,"column":22},"end":{"line":54,"column":88}},"loc":{"start":{"line":53,"column":22},"end":{"line":54,"column":88}},"line":53},"4":{"name":"renderLoader","decl":{"start":{"line":57,"column":23},"end":{"line":66,"column":4}},"loc":{"start":{"line":57,"column":23},"end":{"line":66,"column":4}},"line":57}},"f":{"0":27,"1":23,"2":2,"3":2,"4":27}}
,"/home/aviv/dev/timeline_game/frontend/src/components/forms/CreateGameForm.tsx": {"path":"/home/aviv/dev/timeline_game/frontend/src/components/forms/CreateGameForm.tsx","all":false,"statementMap":{"1":{"start":{"line":2,"column":0},"end":{"line":2,"column":42}},"2":{"start":{"line":3,"column":0},"end":{"line":3,"column":54}},"3":{"start":{"line":4,"column":0},"end":{"line":4,"column":27}},"4":{"start":{"line":5,"column":0},"end":{"line":5,"column":48}},"6":{"start":{"line":7,"column":0},"end":{"line":7,"column":51}},"14":{"start":{"line":15,"column":0},"end":{"line":15,"column":27}},"15":{"start":{"line":16,"column":0},"end":{"line":16,"column":17}},"16":{"start":{"line":17,"column":0},"end":{"line":17,"column":13}},"17":{"start":{"line":18,"column":0},"end":{"line":18,"column":56}},"18":{"start":{"line":19,"column":0},"end":{"line":19,"column":59}},"19":{"start":{"line":20,"column":0},"end":{"line":20,"column":41}},"20":{"start":{"line":21,"column":0},"end":{"line":21,"column":17}},"21":{"start":{"line":22,"column":0},"end":{"line":22,"column":13}},"22":{"start":{"line":23,"column":0},"end":{"line":23,"column":85}},"23":{"start":{"line":24,"column":0},"end":{"line":24,"column":85}},"24":{"start":{"line":25,"column":0},"end":{"line":25,"column":45}},"25":{"start":{"line":26,"column":0},"end":{"line":26,"column":14}},"27":{"start":{"line":28,"column":0},"end":{"line":28,"column":56}},"28":{"start":{"line":29,"column":0},"end":{"line":29,"column":11}},"29":{"start":{"line":30,"column":0},"end":{"line":30,"column":18}},"30":{"start":{"line":31,"column":0},"end":{"line":31,"column":8}},"31":{"start":{"line":32,"column":0},"end":{"line":32,"column":7}},"32":{"start":{"line":33,"column":0},"end":{"line":33,"column":9}},"33":{"start":{"line":34,"column":0},"end":{"line":34,"column":13}},"34":{"start":{"line":35,"column":0},"end":{"line":35,"column":17}},"35":{"start":{"line":36,"column":0},"end":{"line":36,"column":26}},"36":{"start":{"line":37,"column":0},"end":{"line":37,"column":10}},"37":{"start":{"line":38,"column":0},"end":{"line":38,"column":34}},"38":{"start":{"line":39,"column":0},"end":{"line":39,"column":34}},"39":{"start":{"line":40,"column":0},"end":{"line":40,"column":20}},"40":{"start":{"line":41,"column":0},"end":{"line":41,"column":21}},"41":{"start":{"line":42,"column":0},"end":{"line":42,"column":53}},"42":{"start":{"line":43,"column":0},"end":{"line":43,"column":6}},"43":{"start":{"line":44,"column":0},"end":{"line":44,"column":5}},"45":{"start":{"line":46,"column":0},"end":{"line":46,"column":41}},"47":{"start":{"line":48,"column":0},"end":{"line":48,"column":63}},"48":{"start":{"line":49,"column":0},"end":{"line":49,"column":25}},"49":{"start":{"line":50,"column":0},"end":{"line":50,"column":4}},"51":{"start":{"line":52,"column":0},"end":{"line":52,"column":10}},"52":{"start":{"line":53,"column":0},"end":{"line":53,"column":74}},"53":{"start":{"line":54,"column":0},"end":{"line":54,"column":11}},"54":{"start":{"line":55,"column":0},"end":{"line":55,"column":63}},"56":{"start":{"line":57,"column":0},"end":{"line":57,"column":13}},"57":{"start":{"line":58,"column":0},"end":{"line":58,"column":50}},"59":{"start":{"line":60,"column":0},"end":{"line":60,"column":12}},"60":{"start":{"line":61,"column":0},"end":{"line":61,"column":12}},"62":{"start":{"line":63,"column":0},"end":{"line":63,"column":11}},"63":{"start":{"line":64,"column":0},"end":{"line":64,"column":93}},"65":{"start":{"line":66,"column":0},"end":{"line":66,"column":16}},"66":{"start":{"line":67,"column":0},"end":{"line":67,"column":14}},"67":{"start":{"line":68,"column":0},"end":{"line":68,"column":25}},"68":{"start":{"line":69,"column":0},"end":{"line":69,"column":21}},"69":{"start":{"line":70,"column":0},"end":{"line":70,"column":37}},"70":{"start":{"line":71,"column":0},"end":{"line":71,"column":161}},"71":{"start":{"line":72,"column":0},"end":{"line":72,"column":10}},"72":{"start":{"line":73,"column":0},"end":{"line":73,"column":31}},"73":{"start":{"line":74,"column":0},"end":{"line":74,"column":54}},"74":{"start":{"line":75,"column":0},"end":{"line":75,"column":39}},"75":{"start":{"line":76,"column":0},"end":{"line":76,"column":14}},"77":{"start":{"line":78,"column":0},"end":{"line":78,"column":12}},"79":{"start":{"line":80,"column":0},"end":{"line":80,"column":11}},"80":{"start":{"line":81,"column":0},"end":{"line":81,"column":72}},"82":{"start":{"line":83,"column":0},"end":{"line":83,"column":16}},"83":{"start":{"line":84,"column":0},"end":{"line":84,"column":53}},"84":{"start":{"line":85,"column":0},"end":{"line":85,"column":16}},"85":{"start":{"line":86,"column":0},"end":{"line":86,"column":24}},"86":{"start":{"line":87,"column":0},"end":{"line":87,"column":44}},"87":{"start":{"line":88,"column":0},"end":{"line":88,"column":44}},"88":{"start":{"line":89,"column":0},"end":{"line":89,"column":39}},"89":{"start":{"line":90,"column":0},"end":{"line":90,"column":88}},"90":{"start":{"line":91,"column":0},"end":{"line":91,"column":12}},"91":{"start":{"line":92,"column":0},"end":{"line":92,"column":87}},"92":{"start":{"line":93,"column":0},"end":{"line":93,"column":24}},"93":{"start":{"line":94,"column":0},"end":{"line":94,"column":17}},"94":{"start":{"line":95,"column":0},"end":{"line":95,"column":14}},"95":{"start":{"line":96,"column":0},"end":{"line":96,"column":31}},"96":{"start":{"line":97,"column":0},"end":{"line":97,"column":54}},"97":{"start":{"line":98,"column":0},"end":{"line":98,"column":39}},"98":{"start":{"line":99,"column":0},"end":{"line":99,"column":14}},"100":{"start":{"line":101,"column":0},"end":{"line":101,"column":50}},"102":{"start":{"line":103,"column":0},"end":{"line":103,"column":12}},"103":{"start":{"line":104,"column":0},"end":{"line":104,"column":12}},"105":{"start":{"line":106,"column":0},"end":{"line":106,"column":17}},"106":{"start":{"line":107,"column":0},"end":{"line":107,"column":78}},"107":{"start":{"line":108,"column":0},"end":{"line":108,"column":60}},"108":{"start":{"line":109,"column":0},"end":{"line":109,"column":14}},"111":{"start":{"line":112,"column":0},"end":{"line":112,"column":40}},"112":{"start":{"line":113,"column":0},"end":{"line":113,"column":15}},"113":{"start":{"line":114,"column":0},"end":{"line":114,"column":23}},"114":{"start":{"line":115,"column":0},"end":{"line":115,"column":27}},"115":{"start":{"line":116,"column":0},"end":{"line":116,"column":28}},"116":{"start":{"line":117,"column":0},"end":{"line":117,"column":38}},"117":{"start":{"line":118,"column":0},"end":{"line":118,"column":9}},"119":{"start":{"line":120,"column":0},"end":{"line":120,"column":17}},"120":{"start":{"line":121,"column":0},"end":{"line":121,"column":12}},"121":{"start":{"line":122,"column":0},"end":{"line":122,"column":11}},"123":{"start":{"line":124,"column":0},"end":{"line":124,"column":2}},"125":{"start":{"line":126,"column":0},"end":{"line":126,"column":30}}},"s":{"1":1,"2":1,"3":1,"4":1,"6":1,"14":1,"15":1,"16":1,"17":1,"18":1,"19":1,"20":1,"21":1,"22":1,"23":1,"24":1,"25":1,"27":1,"28":183,"29":183,"30":183,"31":183,"32":183,"33":183,"34":183,"35":183,"36":183,"37":183,"38":183,"39":183,"40":183,"41":183,"42":183,"43":183,"45":183,"47":183,"48":26,"49":26,"51":183,"52":183,"53":183,"54":183,"56":183,"57":183,"59":183,"60":183,"62":183,"63":183,"65":183,"66":183,"67":183,"68":183,"69":183,"70":183,"71":183,"72":183,"73":9,"74":9,"75":9,"77":183,"79":183,"80":183,"82":183,"83":183,"84":183,"85":183,"86":183,"87":183,"88":183,"89":183,"90":183,"91":183,"92":183,"93":183,"94":183,"95":183,"96":0,"97":0,"98":0,"100":183,"102":183,"103":183,"105":183,"106":10,"107":10,"108":10,"111":183,"112":183,"113":183,"114":183,"115":183,"116":183,"117":183,"119":183,"120":183,"121":183,"123":183,"125":1},"branchMap":{"0":{"type":"branch","line":28,"loc":{"start":{"line":28,"column":54},"end":{"line":124,"column":2}},"locations":[{"start":{"line":28,"column":54},"end":{"line":124,"column":2}}]},"1":{"type":"branch","line":73,"loc":{"start":{"line":73,"column":16},"end":{"line":76,"column":14}},"locations":[{"start":{"line":73,"column":16},"end":{"line":76,"column":14}}]},"2":{"type":"branch","line":96,"loc":{"start":{"line":96,"column":16},"end":{"line":99,"column":14}},"locations":[{"start":{"line":96,"column":16},"end":{"line":99,"column":14}}]},"3":{"type":"branch","line":106,"loc":{"start":{"line":106,"column":7},"end":{"line":109,"column":14}},"locations":[{"start":{"line":106,"column":7},"end":{"line":109,"column":14}}]},"4":{"type":"branch","line":48,"loc":{"start":{"line":48,"column":27},"end":{"line":50,"column":4}},"locations":[{"start":{"line":48,"column":27},"end":{"line":50,"column":4}}]}},"b":{"0":[183],"1":[9],"2":[0],"3":[10],"4":[26]},"fnMap":{"0":{"name":"CreateGameForm","decl":{"start":{"line":28,"column":54},"end":{"line":124,"column":2}},"loc":{"start":{"line":28,"column":54},"end":{"line":124,"column":2}},"line":28},"1":{"name":"handleFormSubmit","decl":{"start":{"line":48,"column":27},"end":{"line":50,"column":4}},"loc":{"start":{"line":48,"column":27},"end":{"line":50,"column":4}},"line":48}},"f":{"0":183,"1":26}}
,"/home/aviv/dev/timeline_game/frontend/src/components/forms/JoinGameForm.tsx": {"path":"/home/aviv/dev/timeline_game/frontend/src/components/forms/JoinGameForm.tsx","all":false,"statementMap":{"1":{"start":{"line":2,"column":0},"end":{"line":2,"column":42}},"2":{"start":{"line":3,"column":0},"end":{"line":3,"column":54}},"3":{"start":{"line":4,"column":0},"end":{"line":4,"column":27}},"4":{"start":{"line":5,"column":0},"end":{"line":5,"column":48}},"6":{"start":{"line":7,"column":0},"end":{"line":7,"column":51}},"14":{"start":{"line":15,"column":0},"end":{"line":15,"column":27}},"15":{"start":{"line":16,"column":0},"end":{"line":16,"column":15}},"16":{"start":{"line":17,"column":0},"end":{"line":17,"column":13}},"17":{"start":{"line":18,"column":0},"end":{"line":18,"column":111}},"18":{"start":{"line":19,"column":0},"end":{"line":19,"column":88}},"19":{"start":{"line":20,"column":0},"end":{"line":20,"column":39}},"20":{"start":{"line":21,"column":0},"end":{"line":21,"column":17}},"21":{"start":{"line":22,"column":0},"end":{"line":22,"column":13}},"22":{"start":{"line":23,"column":0},"end":{"line":23,"column":56}},"23":{"start":{"line":24,"column":0},"end":{"line":24,"column":59}},"24":{"start":{"line":25,"column":0},"end":{"line":25,"column":117}},"25":{"start":{"line":26,"column":0},"end":{"line":26,"column":41}},"26":{"start":{"line":27,"column":0},"end":{"line":27,"column":14}},"28":{"start":{"line":29,"column":0},"end":{"line":29,"column":52}},"29":{"start":{"line":30,"column":0},"end":{"line":30,"column":11}},"30":{"start":{"line":31,"column":0},"end":{"line":31,"column":18}},"31":{"start":{"line":32,"column":0},"end":{"line":32,"column":8}},"32":{"start":{"line":33,"column":0},"end":{"line":33,"column":7}},"33":{"start":{"line":34,"column":0},"end":{"line":34,"column":9}},"34":{"start":{"line":35,"column":0},"end":{"line":35,"column":13}},"35":{"start":{"line":36,"column":0},"end":{"line":36,"column":17}},"36":{"start":{"line":37,"column":0},"end":{"line":37,"column":26}},"37":{"start":{"line":38,"column":0},"end":{"line":38,"column":13}},"38":{"start":{"line":39,"column":0},"end":{"line":39,"column":32}},"39":{"start":{"line":40,"column":0},"end":{"line":40,"column":34}},"40":{"start":{"line":41,"column":0},"end":{"line":41,"column":5}},"42":{"start":{"line":43,"column":0},"end":{"line":43,"column":61}},"43":{"start":{"line":44,"column":0},"end":{"line":44,"column":25}},"44":{"start":{"line":45,"column":0},"end":{"line":45,"column":4}},"46":{"start":{"line":47,"column":0},"end":{"line":47,"column":76}},"47":{"start":{"line":48,"column":0},"end":{"line":48,"column":73}},"48":{"start":{"line":49,"column":0},"end":{"line":49,"column":32}},"49":{"start":{"line":50,"column":0},"end":{"line":50,"column":4}},"51":{"start":{"line":52,"column":0},"end":{"line":52,"column":10}},"52":{"start":{"line":53,"column":0},"end":{"line":53,"column":74}},"53":{"start":{"line":54,"column":0},"end":{"line":54,"column":11}},"54":{"start":{"line":55,"column":0},"end":{"line":55,"column":63}},"56":{"start":{"line":57,"column":0},"end":{"line":57,"column":13}},"57":{"start":{"line":58,"column":0},"end":{"line":58,"column":50}},"59":{"start":{"line":60,"column":0},"end":{"line":60,"column":12}},"60":{"start":{"line":61,"column":0},"end":{"line":61,"column":12}},"62":{"start":{"line":63,"column":0},"end":{"line":63,"column":30}},"63":{"start":{"line":64,"column":0},"end":{"line":64,"column":72}},"64":{"start":{"line":65,"column":0},"end":{"line":65,"column":62}},"65":{"start":{"line":66,"column":0},"end":{"line":66,"column":16}},"66":{"start":{"line":67,"column":0},"end":{"line":67,"column":14}},"67":{"start":{"line":68,"column":0},"end":{"line":68,"column":21}},"68":{"start":{"line":69,"column":0},"end":{"line":69,"column":51}},"69":{"start":{"line":70,"column":0},"end":{"line":70,"column":53}},"70":{"start":{"line":71,"column":0},"end":{"line":71,"column":69}},"71":{"start":{"line":72,"column":0},"end":{"line":72,"column":35}},"72":{"start":{"line":73,"column":0},"end":{"line":73,"column":41}},"73":{"start":{"line":74,"column":0},"end":{"line":74,"column":18}},"74":{"start":{"line":75,"column":0},"end":{"line":75,"column":10}},"75":{"start":{"line":76,"column":0},"end":{"line":76,"column":29}},"76":{"start":{"line":77,"column":0},"end":{"line":77,"column":83}},"78":{"start":{"line":79,"column":0},"end":{"line":79,"column":12}},"80":{"start":{"line":81,"column":0},"end":{"line":81,"column":30}},"81":{"start":{"line":82,"column":0},"end":{"line":82,"column":72}},"82":{"start":{"line":83,"column":0},"end":{"line":83,"column":62}},"83":{"start":{"line":84,"column":0},"end":{"line":84,"column":16}},"84":{"start":{"line":85,"column":0},"end":{"line":85,"column":14}},"85":{"start":{"line":86,"column":0},"end":{"line":86,"column":21}},"86":{"start":{"line":87,"column":0},"end":{"line":87,"column":39}},"87":{"start":{"line":88,"column":0},"end":{"line":88,"column":24}},"88":{"start":{"line":89,"column":0},"end":{"line":89,"column":71}},"89":{"start":{"line":90,"column":0},"end":{"line":90,"column":37}},"90":{"start":{"line":91,"column":0},"end":{"line":91,"column":18}},"91":{"start":{"line":92,"column":0},"end":{"line":92,"column":10}},"92":{"start":{"line":93,"column":0},"end":{"line":93,"column":31}},"93":{"start":{"line":94,"column":0},"end":{"line":94,"column":85}},"95":{"start":{"line":96,"column":0},"end":{"line":96,"column":12}},"97":{"start":{"line":98,"column":0},"end":{"line":98,"column":17}},"98":{"start":{"line":99,"column":0},"end":{"line":99,"column":78}},"99":{"start":{"line":100,"column":0},"end":{"line":100,"column":60}},"100":{"start":{"line":101,"column":0},"end":{"line":101,"column":14}},"103":{"start":{"line":104,"column":0},"end":{"line":104,"column":40}},"104":{"start":{"line":105,"column":0},"end":{"line":105,"column":15}},"105":{"start":{"line":106,"column":0},"end":{"line":106,"column":23}},"106":{"start":{"line":107,"column":0},"end":{"line":107,"column":27}},"107":{"start":{"line":108,"column":0},"end":{"line":108,"column":28}},"108":{"start":{"line":109,"column":0},"end":{"line":109,"column":38}},"109":{"start":{"line":110,"column":0},"end":{"line":110,"column":9}},"111":{"start":{"line":112,"column":0},"end":{"line":112,"column":17}},"112":{"start":{"line":113,"column":0},"end":{"line":113,"column":12}},"113":{"start":{"line":114,"column":0},"end":{"line":114,"column":11}},"115":{"start":{"line":116,"column":0},"end":{"line":116,"column":2}},"117":{"start":{"line":118,"column":0},"end":{"line":118,"column":28}}},"s":{"1":1,"2":1,"3":1,"4":1,"6":1,"14":1,"15":1,"16":1,"17":1,"18":1,"19":1,"20":1,"21":1,"22":1,"23":1,"24":1,"25":1,"26":1,"28":1,"29":176,"30":176,"31":176,"32":176,"33":176,"34":176,"35":176,"36":176,"37":176,"38":176,"39":176,"40":176,"42":176,"43":14,"44":14,"46":176,"47":158,"48":158,"49":158,"51":176,"52":176,"53":176,"54":176,"56":176,"57":176,"59":176,"60":176,"62":176,"63":176,"64":176,"65":176,"66":176,"67":176,"68":176,"69":176,"70":176,"71":176,"72":176,"73":176,"74":176,"75":176,"76":16,"78":176,"80":176,"81":176,"82":176,"83":176,"84":176,"85":176,"86":176,"87":176,"88":176,"89":176,"90":176,"91":176,"92":176,"93":22,"95":176,"97":176,"98":16,"99":16,"100":16,"103":176,"104":176,"105":176,"106":176,"107":176,"108":176,"109":176,"111":176,"112":176,"113":176,"115":176,"117":1},"branchMap":{"0":{"type":"branch","line":29,"loc":{"start":{"line":29,"column":50},"end":{"line":116,"column":2}},"locations":[{"start":{"line":29,"column":50},"end":{"line":116,"column":2}}]},"1":{"type":"branch","line":71,"loc":{"start":{"line":71,"column":37},"end":{"line":71,"column":64}},"locations":[{"start":{"line":71,"column":37},"end":{"line":71,"column":64}}]},"2":{"type":"branch","line":71,"loc":{"start":{"line":71,"column":48},"end":{"line":71,"column":66}},"locations":[{"start":{"line":71,"column":48},"end":{"line":71,"column":66}}]},"3":{"type":"branch","line":76,"loc":{"start":{"line":76,"column":16},"end":{"line":77,"column":83}},"locations":[{"start":{"line":76,"column":16},"end":{"line":77,"column":83}}]},"4":{"type":"branch","line":89,"loc":{"start":{"line":89,"column":37},"end":{"line":89,"column":66}},"locations":[{"start":{"line":89,"column":37},"end":{"line":89,"column":66}}]},"5":{"type":"branch","line":89,"loc":{"start":{"line":89,"column":50},"end":{"line":89,"column":68}},"locations":[{"start":{"line":89,"column":50},"end":{"line":89,"column":68}}]},"6":{"type":"branch","line":93,"loc":{"start":{"line":93,"column":16},"end":{"line":94,"column":85}},"locations":[{"start":{"line":93,"column":16},"end":{"line":94,"column":85}}]},"7":{"type":"branch","line":98,"loc":{"start":{"line":98,"column":7},"end":{"line":101,"column":14}},"locations":[{"start":{"line":98,"column":7},"end":{"line":101,"column":14}}]},"8":{"type":"branch","line":43,"loc":{"start":{"line":43,"column":27},"end":{"line":45,"column":4}},"locations":[{"start":{"line":43,"column":27},"end":{"line":45,"column":4}}]},"9":{"type":"branch","line":47,"loc":{"start":{"line":47,"column":31},"end":{"line":50,"column":4}},"locations":[{"start":{"line":47,"column":31},"end":{"line":50,"column":4}}]}},"b":{"0":[176],"1":[16],"2":[160],"3":[16],"4":[22],"5":[154],"6":[22],"7":[16],"8":[14],"9":[158]},"fnMap":{"0":{"name":"JoinGameForm","decl":{"start":{"line":29,"column":50},"end":{"line":116,"column":2}},"loc":{"start":{"line":29,"column":50},"end":{"line":116,"column":2}},"line":29},"1":{"name":"handleFormSubmit","decl":{"start":{"line":43,"column":27},"end":{"line":45,"column":4}},"loc":{"start":{"line":43,"column":27},"end":{"line":45,"column":4}},"line":43},"2":{"name":"handleRoomCodeChange","decl":{"start":{"line":47,"column":31},"end":{"line":50,"column":4}},"loc":{"start":{"line":47,"column":31},"end":{"line":50,"column":4}},"line":47}},"f":{"0":176,"1":14,"2":158}}
,"/home/aviv/dev/timeline_game/frontend/src/components/game/GameBoard.tsx": {"path":"/home/aviv/dev/timeline_game/frontend/src/components/game/GameBoard.tsx","all":false,"statementMap":{"0":{"start":{"line":1,"column":0},"end":{"line":1,"column":48}},"15":{"start":{"line":16,"column":0},"end":{"line":16,"column":90}},"16":{"start":{"line":17,"column":0},"end":{"line":17,"column":72}},"17":{"start":{"line":18,"column":0},"end":{"line":18,"column":80}},"18":{"start":{"line":19,"column":0},"end":{"line":19,"column":51}},"22":{"start":{"line":23,"column":0},"end":{"line":23,"column":50}},"23":{"start":{"line":24,"column":0},"end":{"line":24,"column":23}},"24":{"start":{"line":25,"column":0},"end":{"line":25,"column":39}},"26":{"start":{"line":27,"column":0},"end":{"line":27,"column":37}},"28":{"start":{"line":29,"column":0},"end":{"line":29,"column":61}},"29":{"start":{"line":30,"column":0},"end":{"line":30,"column":36}},"30":{"start":{"line":31,"column":0},"end":{"line":31,"column":74}},"31":{"start":{"line":32,"column":0},"end":{"line":32,"column":74}},"32":{"start":{"line":33,"column":0},"end":{"line":33,"column":4}},"34":{"start":{"line":35,"column":0},"end":{"line":35,"column":33}},"35":{"start":{"line":36,"column":0},"end":{"line":36,"column":30}},"36":{"start":{"line":37,"column":0},"end":{"line":37,"column":4}},"38":{"start":{"line":39,"column":0},"end":{"line":39,"column":46}},"39":{"start":{"line":40,"column":0},"end":{"line":40,"column":23}},"40":{"start":{"line":41,"column":0},"end":{"line":41,"column":56}},"41":{"start":{"line":42,"column":0},"end":{"line":42,"column":57}},"43":{"start":{"line":44,"column":0},"end":{"line":44,"column":34}},"44":{"start":{"line":45,"column":0},"end":{"line":45,"column":35}},"45":{"start":{"line":46,"column":0},"end":{"line":46,"column":5}},"47":{"start":{"line":48,"column":0},"end":{"line":48,"column":25}},"48":{"start":{"line":49,"column":0},"end":{"line":49,"column":30}},"49":{"start":{"line":50,"column":0},"end":{"line":50,"column":4}},"51":{"start":{"line":52,"column":0},"end":{"line":52,"column":49}},"52":{"start":{"line":53,"column":0},"end":{"line":53,"column":50}},"53":{"start":{"line":54,"column":0},"end":{"line":54,"column":67}},"55":{"start":{"line":56,"column":0},"end":{"line":56,"column":12}},"56":{"start":{"line":57,"column":0},"end":{"line":57,"column":10}},"57":{"start":{"line":58,"column":0},"end":{"line":58,"column":19}},"58":{"start":{"line":59,"column":0},"end":{"line":59,"column":20}},"60":{"start":{"line":61,"column":0},"end":{"line":61,"column":74}},"61":{"start":{"line":62,"column":0},"end":{"line":62,"column":59}},"65":{"start":{"line":66,"column":0},"end":{"line":66,"column":21}},"66":{"start":{"line":67,"column":0},"end":{"line":67,"column":61}},"67":{"start":{"line":68,"column":0},"end":{"line":68,"column":79}},"68":{"start":{"line":69,"column":0},"end":{"line":69,"column":79}},"69":{"start":{"line":70,"column":0},"end":{"line":70,"column":16}},"71":{"start":{"line":72,"column":0},"end":{"line":72,"column":39}},"72":{"start":{"line":73,"column":0},"end":{"line":73,"column":114}},"73":{"start":{"line":74,"column":0},"end":{"line":74,"column":63}},"74":{"start":{"line":75,"column":0},"end":{"line":75,"column":80}},"75":{"start":{"line":76,"column":0},"end":{"line":76,"column":80}},"76":{"start":{"line":77,"column":0},"end":{"line":77,"column":18}},"77":{"start":{"line":78,"column":0},"end":{"line":78,"column":16}},"79":{"start":{"line":80,"column":0},"end":{"line":80,"column":12}},"81":{"start":{"line":82,"column":0},"end":{"line":82,"column":4}},"83":{"start":{"line":84,"column":0},"end":{"line":84,"column":10}},"84":{"start":{"line":85,"column":0},"end":{"line":85,"column":28}},"85":{"start":{"line":86,"column":0},"end":{"line":86,"column":70}},"86":{"start":{"line":87,"column":0},"end":{"line":87,"column":10}},"87":{"start":{"line":88,"column":0},"end":{"line":88,"column":25}},"88":{"start":{"line":89,"column":0},"end":{"line":89,"column":70}},"89":{"start":{"line":90,"column":0},"end":{"line":90,"column":35}},"90":{"start":{"line":91,"column":0},"end":{"line":91,"column":37}},"91":{"start":{"line":92,"column":0},"end":{"line":92,"column":27}},"93":{"start":{"line":94,"column":0},"end":{"line":94,"column":79}},"94":{"start":{"line":95,"column":0},"end":{"line":95,"column":35}},"95":{"start":{"line":96,"column":0},"end":{"line":96,"column":10}},"96":{"start":{"line":97,"column":0},"end":{"line":97,"column":12}},"97":{"start":{"line":98,"column":0},"end":{"line":98,"column":26}},"98":{"start":{"line":99,"column":0},"end":{"line":99,"column":54}},"100":{"start":{"line":101,"column":0},"end":{"line":101,"column":12}},"102":{"start":{"line":103,"column":0},"end":{"line":103,"column":10}},"104":{"start":{"line":105,"column":0},"end":{"line":105,"column":2}},"106":{"start":{"line":107,"column":0},"end":{"line":107,"column":25}}},"s":{"0":1,"15":1,"16":8,"17":8,"18":8,"22":8,"23":0,"24":0,"26":0,"28":0,"29":0,"30":0,"31":0,"32":0,"34":8,"35":0,"36":0,"38":8,"39":0,"40":0,"41":0,"43":0,"44":0,"45":0,"47":0,"48":0,"49":0,"51":8,"52":40,"53":40,"55":40,"56":40,"57":40,"58":40,"60":40,"61":40,"65":40,"66":8,"67":8,"68":8,"69":8,"71":40,"72":0,"73":0,"74":0,"75":0,"76":0,"77":0,"79":40,"81":40,"83":8,"84":8,"85":8,"86":8,"87":8,"88":8,"89":8,"90":8,"91":8,"93":8,"94":40,"95":8,"96":8,"97":8,"98":1,"100":1,"102":8,"104":8,"106":1},"branchMap":{"0":{"type":"branch","line":16,"loc":{"start":{"line":16,"column":44},"end":{"line":105,"column":2}},"locations":[{"start":{"line":16,"column":44},"end":{"line":105,"column":2}}]},"1":{"type":"branch","line":98,"loc":{"start":{"line":98,"column":8},"end":{"line":101,"column":12}},"locations":[{"start":{"line":98,"column":8},"end":{"line":101,"column":12}}]},"2":{"type":"branch","line":52,"loc":{"start":{"line":52,"column":29},"end":{"line":82,"column":4}},"locations":[{"start":{"line":52,"column":29},"end":{"line":82,"column":4}}]},"3":{"type":"branch","line":61,"loc":{"start":{"line":61,"column":12},"end":{"line":61,"column":56}},"locations":[{"start":{"line":61,"column":12},"end":{"line":61,"column":56}}]},"4":{"type":"branch","line":62,"loc":{"start":{"line":62,"column":12},"end":{"line":62,"column":56}},"locations":[{"start":{"line":62,"column":12},"end":{"line":62,"column":56}}]},"5":{"type":"branch","line":62,"loc":{"start":{"line":62,"column":22},"end":{"line":62,"column":58}},"locations":[{"start":{"line":62,"column":22},"end":{"line":62,"column":58}}]},"6":{"type":"branch","line":66,"loc":{"start":{"line":66,"column":9},"end":{"line":70,"column":16}},"locations":[{"start":{"line":66,"column":9},"end":{"line":70,"column":16}}]},"7":{"type":"branch","line":72,"loc":{"start":{"line":72,"column":9},"end":{"line":72,"column":39}},"locations":[{"start":{"line":72,"column":9},"end":{"line":72,"column":39}}]},"8":{"type":"branch","line":72,"loc":{"start":{"line":72,"column":23},"end":{"line":78,"column":16}},"locations":[{"start":{"line":72,"column":23},"end":{"line":78,"column":16}}]},"9":{"type":"branch","line":54,"loc":{"start":{"line":54,"column":34},"end":{"line":54,"column":65}},"locations":[{"start":{"line":54,"column":34},"end":{"line":54,"column":65}}]},"10":{"type":"branch","line":94,"loc":{"start":{"line":94,"column":66},"end":{"line":95,"column":35}},"locations":[{"start":{"line":94,"column":66},"end":{"line":95,"column":35}}]}},"b":{"0":[8],"1":[1],"2":[40],"3":[0],"4":[8],"5":[32],"6":[8],"7":[0],"8":[0],"9":[40],"10":[40]},"fnMap":{"0":{"name":"GameBoard","decl":{"start":{"line":16,"column":44},"end":{"line":105,"column":2}},"loc":{"start":{"line":16,"column":44},"end":{"line":105,"column":2}},"line":16},"1":{"name":"handleDragOver","decl":{"start":{"line":23,"column":25},"end":{"line":33,"column":4}},"loc":{"start":{"line":23,"column":25},"end":{"line":33,"column":4}},"line":23},"2":{"name":"handleDragLeave","decl":{"start":{"line":35,"column":26},"end":{"line":37,"column":4}},"loc":{"start":{"line":35,"column":26},"end":{"line":37,"column":4}},"line":35},"3":{"name":"handleDrop","decl":{"start":{"line":39,"column":21},"end":{"line":50,"column":4}},"loc":{"start":{"line":39,"column":21},"end":{"line":50,"column":4}},"line":39},"4":{"name":"renderTimelineSlot","decl":{"start":{"line":52,"column":29},"end":{"line":82,"column":4}},"loc":{"start":{"line":52,"column":29},"end":{"line":82,"column":4}},"line":52}},"f":{"0":8,"1":0,"2":0,"3":0,"4":40}}
,"/home/aviv/dev/timeline_game/frontend/src/components/game/GameEvents.tsx": {"path":"/home/aviv/dev/timeline_game/frontend/src/components/game/GameEvents.tsx","all":false,"statementMap":{"16":{"start":{"line":17,"column":0},"end":{"line":17,"column":79}},"17":{"start":{"line":18,"column":0},"end":{"line":18,"column":48}},"19":{"start":{"line":20,"column":0},"end":{"line":20,"column":53}},"20":{"start":{"line":21,"column":0},"end":{"line":21,"column":19}},"21":{"start":{"line":22,"column":0},"end":{"line":22,"column":25}},"22":{"start":{"line":23,"column":0},"end":{"line":23,"column":20}},"23":{"start":{"line":24,"column":0},"end":{"line":24,"column":26}},"24":{"start":{"line":25,"column":0},"end":{"line":25,"column":20}},"25":{"start":{"line":26,"column":0},"end":{"line":26,"column":26}},"26":{"start":{"line":27,"column":0},"end":{"line":27,"column":20}},"27":{"start":{"line":28,"column":0},"end":{"line":28,"column":24}},"28":{"start":{"line":29,"column":0},"end":{"line":29,"column":20}},"29":{"start":{"line":30,"column":0},"end":{"line":30,"column":27}},"30":{"start":{"line":31,"column":0},"end":{"line":31,"column":20}},"31":{"start":{"line":32,"column":0},"end":{"line":32,"column":25}},"32":{"start":{"line":33,"column":0},"end":{"line":33,"column":20}},"33":{"start":{"line":34,"column":0},"end":{"line":34,"column":14}},"34":{"start":{"line":35,"column":0},"end":{"line":35,"column":20}},"35":{"start":{"line":36,"column":0},"end":{"line":36,"column":5}},"36":{"start":{"line":37,"column":0},"end":{"line":37,"column":4}},"38":{"start":{"line":39,"column":0},"end":{"line":39,"column":54}},"39":{"start":{"line":40,"column":0},"end":{"line":40,"column":19}},"40":{"start":{"line":41,"column":0},"end":{"line":41,"column":25}},"41":{"start":{"line":42,"column":0},"end":{"line":42,"column":42}},"42":{"start":{"line":43,"column":0},"end":{"line":43,"column":26}},"43":{"start":{"line":44,"column":0},"end":{"line":44,"column":44}},"44":{"start":{"line":45,"column":0},"end":{"line":45,"column":26}},"45":{"start":{"line":46,"column":0},"end":{"line":46,"column":46}},"46":{"start":{"line":47,"column":0},"end":{"line":47,"column":24}},"47":{"start":{"line":48,"column":0},"end":{"line":48,"column":46}},"48":{"start":{"line":49,"column":0},"end":{"line":49,"column":27}},"49":{"start":{"line":50,"column":0},"end":{"line":50,"column":44}},"50":{"start":{"line":51,"column":0},"end":{"line":51,"column":25}},"51":{"start":{"line":52,"column":0},"end":{"line":52,"column":40}},"52":{"start":{"line":53,"column":0},"end":{"line":53,"column":14}},"53":{"start":{"line":54,"column":0},"end":{"line":54,"column":42}},"54":{"start":{"line":55,"column":0},"end":{"line":55,"column":5}},"55":{"start":{"line":56,"column":0},"end":{"line":56,"column":4}},"57":{"start":{"line":58,"column":0},"end":{"line":58,"column":10}},"58":{"start":{"line":59,"column":0},"end":{"line":59,"column":55}},"59":{"start":{"line":60,"column":0},"end":{"line":60,"column":65}},"61":{"start":{"line":62,"column":0},"end":{"line":62,"column":36}},"62":{"start":{"line":63,"column":0},"end":{"line":63,"column":56}},"63":{"start":{"line":64,"column":0},"end":{"line":64,"column":50}},"64":{"start":{"line":65,"column":0},"end":{"line":65,"column":14}},"66":{"start":{"line":67,"column":0},"end":{"line":67,"column":60}},"67":{"start":{"line":68,"column":0},"end":{"line":68,"column":40}},"68":{"start":{"line":69,"column":0},"end":{"line":69,"column":16}},"69":{"start":{"line":70,"column":0},"end":{"line":70,"column":28}},"70":{"start":{"line":71,"column":0},"end":{"line":71,"column":26}},"72":{"start":{"line":73,"column":0},"end":{"line":73,"column":44}},"75":{"start":{"line":76,"column":0},"end":{"line":76,"column":53}},"76":{"start":{"line":77,"column":0},"end":{"line":77,"column":42}},"77":{"start":{"line":78,"column":0},"end":{"line":78,"column":20}},"79":{"start":{"line":80,"column":0},"end":{"line":80,"column":46}},"80":{"start":{"line":81,"column":0},"end":{"line":81,"column":51}},"81":{"start":{"line":82,"column":0},"end":{"line":82,"column":33}},"82":{"start":{"line":83,"column":0},"end":{"line":83,"column":20}},"83":{"start":{"line":84,"column":0},"end":{"line":84,"column":55}},"84":{"start":{"line":85,"column":0},"end":{"line":85,"column":66}},"85":{"start":{"line":86,"column":0},"end":{"line":86,"column":20}},"86":{"start":{"line":87,"column":0},"end":{"line":87,"column":20}},"87":{"start":{"line":88,"column":0},"end":{"line":88,"column":18}},"88":{"start":{"line":89,"column":0},"end":{"line":89,"column":13}},"89":{"start":{"line":90,"column":0},"end":{"line":90,"column":14}},"92":{"start":{"line":93,"column":0},"end":{"line":93,"column":37}},"93":{"start":{"line":94,"column":0},"end":{"line":94,"column":42}},"94":{"start":{"line":95,"column":0},"end":{"line":95,"column":47}},"95":{"start":{"line":96,"column":0},"end":{"line":96,"column":43}},"96":{"start":{"line":97,"column":0},"end":{"line":97,"column":14}},"97":{"start":{"line":98,"column":0},"end":{"line":98,"column":14}},"99":{"start":{"line":100,"column":0},"end":{"line":100,"column":10}},"101":{"start":{"line":102,"column":0},"end":{"line":102,"column":2}},"103":{"start":{"line":104,"column":0},"end":{"line":104,"column":26}}},"s":{"16":1,"17":4,"19":4,"20":15,"21":15,"22":2,"23":15,"24":2,"25":15,"26":2,"27":15,"28":3,"29":15,"30":3,"31":15,"32":3,"33":15,"34":0,"35":15,"36":15,"38":4,"39":15,"40":15,"41":2,"42":15,"43":2,"44":15,"45":2,"46":15,"47":3,"48":15,"49":3,"50":15,"51":3,"52":15,"53":0,"54":15,"55":15,"57":4,"58":4,"59":4,"61":4,"62":1,"63":1,"64":1,"66":3,"67":3,"68":15,"69":15,"70":15,"72":15,"75":15,"76":15,"77":15,"79":15,"80":15,"81":15,"82":15,"83":15,"84":15,"85":15,"86":15,"87":15,"88":3,"89":3,"92":4,"93":1,"94":1,"95":1,"96":1,"97":1,"99":4,"101":4,"103":1},"branchMap":{"0":{"type":"branch","line":17,"loc":{"start":{"line":17,"column":46},"end":{"line":102,"column":2}},"locations":[{"start":{"line":17,"column":46},"end":{"line":102,"column":2}}]},"1":{"type":"branch","line":62,"loc":{"start":{"line":62,"column":31},"end":{"line":65,"column":14}},"locations":[{"start":{"line":62,"column":31},"end":{"line":65,"column":14}}]},"2":{"type":"branch","line":65,"loc":{"start":{"line":65,"column":8},"end":{"line":90,"column":14}},"locations":[{"start":{"line":65,"column":8},"end":{"line":90,"column":14}}]},"3":{"type":"branch","line":93,"loc":{"start":{"line":93,"column":23},"end":{"line":98,"column":14}},"locations":[{"start":{"line":93,"column":23},"end":{"line":98,"column":14}}]},"4":{"type":"branch","line":20,"loc":{"start":{"line":20,"column":23},"end":{"line":37,"column":4}},"locations":[{"start":{"line":20,"column":23},"end":{"line":37,"column":4}}]},"5":{"type":"branch","line":22,"loc":{"start":{"line":22,"column":6},"end":{"line":23,"column":20}},"locations":[{"start":{"line":22,"column":6},"end":{"line":23,"column":20}}]},"6":{"type":"branch","line":24,"loc":{"start":{"line":24,"column":6},"end":{"line":25,"column":20}},"locations":[{"start":{"line":24,"column":6},"end":{"line":25,"column":20}}]},"7":{"type":"branch","line":26,"loc":{"start":{"line":26,"column":6},"end":{"line":27,"column":20}},"locations":[{"start":{"line":26,"column":6},"end":{"line":27,"column":20}}]},"8":{"type":"branch","line":28,"loc":{"start":{"line":28,"column":6},"end":{"line":29,"column":20}},"locations":[{"start":{"line":28,"column":6},"end":{"line":29,"column":20}}]},"9":{"type":"branch","line":30,"loc":{"start":{"line":30,"column":6},"end":{"line":31,"column":20}},"locations":[{"start":{"line":30,"column":6},"end":{"line":31,"column":20}}]},"10":{"type":"branch","line":32,"loc":{"start":{"line":32,"column":6},"end":{"line":33,"column":20}},"locations":[{"start":{"line":32,"column":6},"end":{"line":33,"column":20}}]},"11":{"type":"branch","line":34,"loc":{"start":{"line":34,"column":6},"end":{"line":35,"column":20}},"locations":[{"start":{"line":34,"column":6},"end":{"line":35,"column":20}}]},"12":{"type":"branch","line":39,"loc":{"start":{"line":39,"column":24},"end":{"line":56,"column":4}},"locations":[{"start":{"line":39,"column":24},"end":{"line":56,"column":4}}]},"13":{"type":"branch","line":41,"loc":{"start":{"line":41,"column":6},"end":{"line":42,"column":42}},"locations":[{"start":{"line":41,"column":6},"end":{"line":42,"column":42}}]},"14":{"type":"branch","line":43,"loc":{"start":{"line":43,"column":6},"end":{"line":44,"column":44}},"locations":[{"start":{"line":43,"column":6},"end":{"line":44,"column":44}}]},"15":{"type":"branch","line":45,"loc":{"start":{"line":45,"column":6},"end":{"line":46,"column":46}},"locations":[{"start":{"line":45,"column":6},"end":{"line":46,"column":46}}]},"16":{"type":"branch","line":47,"loc":{"start":{"line":47,"column":6},"end":{"line":48,"column":46}},"locations":[{"start":{"line":47,"column":6},"end":{"line":48,"column":46}}]},"17":{"type":"branch","line":49,"loc":{"start":{"line":49,"column":6},"end":{"line":50,"column":44}},"locations":[{"start":{"line":49,"column":6},"end":{"line":50,"column":44}}]},"18":{"type":"branch","line":51,"loc":{"start":{"line":51,"column":6},"end":{"line":52,"column":40}},"locations":[{"start":{"line":51,"column":6},"end":{"line":52,"column":40}}]},"19":{"type":"branch","line":53,"loc":{"start":{"line":53,"column":6},"end":{"line":54,"column":42}},"locations":[{"start":{"line":53,"column":6},"end":{"line":54,"column":42}}]},"20":{"type":"branch","line":68,"loc":{"start":{"line":68,"column":28},"end":{"line":88,"column":18}},"locations":[{"start":{"line":68,"column":28},"end":{"line":88,"column":18}}]}},"b":{"0":[4],"1":[1],"2":[3],"3":[1],"4":[15],"5":[2],"6":[2],"7":[2],"8":[3],"9":[3],"10":[3],"11":[0],"12":[15],"13":[2],"14":[2],"15":[2],"16":[3],"17":[3],"18":[3],"19":[0],"20":[15]},"fnMap":{"0":{"name":"GameEvents","decl":{"start":{"line":17,"column":46},"end":{"line":102,"column":2}},"loc":{"start":{"line":17,"column":46},"end":{"line":102,"column":2}},"line":17},"1":{"name":"getEventIcon","decl":{"start":{"line":20,"column":23},"end":{"line":37,"column":4}},"loc":{"start":{"line":20,"column":23},"end":{"line":37,"column":4}},"line":20},"2":{"name":"getEventColor","decl":{"start":{"line":39,"column":24},"end":{"line":56,"column":4}},"loc":{"start":{"line":39,"column":24},"end":{"line":56,"column":4}},"line":39}},"f":{"0":4,"1":15,"2":15}}
,"/home/aviv/dev/timeline_game/frontend/src/components/game/PlayerHand.tsx": {"path":"/home/aviv/dev/timeline_game/frontend/src/components/game/PlayerHand.tsx","all":false,"statementMap":{"9":{"start":{"line":10,"column":0},"end":{"line":10,"column":94}},"10":{"start":{"line":11,"column":0},"end":{"line":11,"column":10}},"11":{"start":{"line":12,"column":0},"end":{"line":12,"column":28}},"12":{"start":{"line":13,"column":0},"end":{"line":13,"column":49}},"13":{"start":{"line":14,"column":0},"end":{"line":14,"column":40}},"14":{"start":{"line":15,"column":0},"end":{"line":15,"column":27}},"15":{"start":{"line":16,"column":0},"end":{"line":16,"column":68}},"17":{"start":{"line":18,"column":0},"end":{"line":18,"column":17}},"19":{"start":{"line":20,"column":0},"end":{"line":20,"column":11}},"21":{"start":{"line":22,"column":0},"end":{"line":22,"column":29}},"22":{"start":{"line":23,"column":0},"end":{"line":23,"column":56}},"23":{"start":{"line":24,"column":0},"end":{"line":24,"column":65}},"24":{"start":{"line":25,"column":0},"end":{"line":25,"column":66}},"25":{"start":{"line":26,"column":0},"end":{"line":26,"column":14}},"27":{"start":{"line":28,"column":0},"end":{"line":28,"column":78}},"28":{"start":{"line":29,"column":0},"end":{"line":29,"column":32}},"29":{"start":{"line":30,"column":0},"end":{"line":30,"column":16}},"30":{"start":{"line":31,"column":0},"end":{"line":31,"column":27}},"31":{"start":{"line":32,"column":0},"end":{"line":32,"column":39}},"32":{"start":{"line":33,"column":0},"end":{"line":33,"column":59}},"33":{"start":{"line":34,"column":0},"end":{"line":34,"column":26}},"36":{"start":{"line":37,"column":0},"end":{"line":37,"column":32}},"37":{"start":{"line":38,"column":0},"end":{"line":38,"column":95}},"38":{"start":{"line":39,"column":0},"end":{"line":39,"column":67}},"39":{"start":{"line":40,"column":0},"end":{"line":40,"column":17}},"42":{"start":{"line":43,"column":0},"end":{"line":43,"column":36}},"43":{"start":{"line":44,"column":0},"end":{"line":44,"column":34}},"45":{"start":{"line":46,"column":0},"end":{"line":46,"column":80}},"46":{"start":{"line":47,"column":0},"end":{"line":47,"column":84}},"47":{"start":{"line":48,"column":0},"end":{"line":48,"column":46}},"49":{"start":{"line":50,"column":0},"end":{"line":50,"column":35}},"50":{"start":{"line":51,"column":0},"end":{"line":51,"column":23}},"51":{"start":{"line":52,"column":0},"end":{"line":52,"column":20}},"53":{"start":{"line":54,"column":0},"end":{"line":54,"column":70}},"54":{"start":{"line":55,"column":0},"end":{"line":55,"column":27}},"55":{"start":{"line":56,"column":0},"end":{"line":56,"column":19}},"57":{"start":{"line":58,"column":0},"end":{"line":58,"column":64}},"58":{"start":{"line":59,"column":0},"end":{"line":59,"column":34}},"59":{"start":{"line":60,"column":0},"end":{"line":60,"column":18}},"61":{"start":{"line":62,"column":0},"end":{"line":62,"column":66}},"62":{"start":{"line":63,"column":0},"end":{"line":63,"column":56}},"63":{"start":{"line":64,"column":0},"end":{"line":64,"column":33}},"64":{"start":{"line":65,"column":0},"end":{"line":65,"column":23}},"65":{"start":{"line":66,"column":0},"end":{"line":66,"column":20}},"66":{"start":{"line":67,"column":0},"end":{"line":67,"column":18}},"67":{"start":{"line":68,"column":0},"end":{"line":68,"column":13}},"68":{"start":{"line":69,"column":0},"end":{"line":69,"column":14}},"71":{"start":{"line":72,"column":0},"end":{"line":72,"column":46}},"72":{"start":{"line":73,"column":0},"end":{"line":73,"column":62}},"74":{"start":{"line":75,"column":0},"end":{"line":75,"column":12}},"76":{"start":{"line":77,"column":0},"end":{"line":77,"column":10}},"78":{"start":{"line":79,"column":0},"end":{"line":79,"column":2}},"80":{"start":{"line":81,"column":0},"end":{"line":81,"column":26}}},"s":{"9":1,"10":5,"11":5,"12":5,"13":5,"14":5,"15":4,"17":4,"19":5,"21":5,"22":1,"23":1,"24":1,"25":1,"27":4,"28":4,"29":12,"30":12,"31":12,"32":12,"33":12,"36":12,"37":9,"38":3,"39":12,"42":12,"43":12,"45":12,"46":8,"47":12,"49":12,"50":12,"51":12,"53":12,"54":12,"55":12,"57":12,"58":12,"59":12,"61":12,"62":12,"63":12,"64":12,"65":12,"66":12,"67":4,"68":4,"71":5,"72":1,"74":1,"76":5,"78":5,"80":1},"branchMap":{"0":{"type":"branch","line":10,"loc":{"start":{"line":10,"column":46},"end":{"line":79,"column":2}},"locations":[{"start":{"line":10,"column":46},"end":{"line":79,"column":2}}]},"1":{"type":"branch","line":15,"loc":{"start":{"line":15,"column":9},"end":{"line":18,"column":17}},"locations":[{"start":{"line":15,"column":9},"end":{"line":18,"column":17}}]},"2":{"type":"branch","line":22,"loc":{"start":{"line":22,"column":24},"end":{"line":26,"column":14}},"locations":[{"start":{"line":22,"column":24},"end":{"line":26,"column":14}}]},"3":{"type":"branch","line":26,"loc":{"start":{"line":26,"column":8},"end":{"line":69,"column":14}},"locations":[{"start":{"line":26,"column":8},"end":{"line":69,"column":14}}]},"4":{"type":"branch","line":72,"loc":{"start":{"line":72,"column":8},"end":{"line":72,"column":46}},"locations":[{"start":{"line":72,"column":8},"end":{"line":72,"column":46}}]},"5":{"type":"branch","line":72,"loc":{"start":{"line":72,"column":40},"end":{"line":75,"column":12}},"locations":[{"start":{"line":72,"column":40},"end":{"line":75,"column":12}}]},"6":{"type":"branch","line":29,"loc":{"start":{"line":29,"column":21},"end":{"line":67,"column":18}},"locations":[{"start":{"line":29,"column":21},"end":{"line":67,"column":18}}]},"7":{"type":"branch","line":37,"loc":{"start":{"line":37,"column":18},"end":{"line":38,"column":95}},"locations":[{"start":{"line":37,"column":18},"end":{"line":38,"column":95}}]},"8":{"type":"branch","line":38,"loc":{"start":{"line":38,"column":20},"end":{"line":39,"column":67}},"locations":[{"start":{"line":38,"column":20},"end":{"line":39,"column":67}}]},"9":{"type":"branch","line":46,"loc":{"start":{"line":46,"column":40},"end":{"line":46,"column":80}},"locations":[{"start":{"line":46,"column":40},"end":{"line":46,"column":80}}]},"10":{"type":"branch","line":46,"loc":{"start":{"line":46,"column":49},"end":{"line":48,"column":45}},"locations":[{"start":{"line":46,"column":49},"end":{"line":48,"column":45}}]},"11":{"type":"branch","line":47,"loc":{"start":{"line":47,"column":40},"end":{"line":47,"column":84}},"locations":[{"start":{"line":47,"column":40},"end":{"line":47,"column":84}}]},"12":{"type":"branch","line":47,"loc":{"start":{"line":47,"column":51},"end":{"line":48,"column":45}},"locations":[{"start":{"line":47,"column":51},"end":{"line":48,"column":45}}]},"13":{"type":"branch","line":33,"loc":{"start":{"line":33,"column":27},"end":{"line":33,"column":59}},"locations":[{"start":{"line":33,"column":27},"end":{"line":33,"column":59}}]}},"b":{"0":[5],"1":[4],"2":[1],"3":[4],"4":[1],"5":[1],"6":[12],"7":[9],"8":[3],"9":[4],"10":[8],"11":[4],"12":[4],"13":[1]},"fnMap":{"0":{"name":"PlayerHand","decl":{"start":{"line":10,"column":46},"end":{"line":79,"column":2}},"loc":{"start":{"line":10,"column":46},"end":{"line":79,"column":2}},"line":10},"1":{"name":"onDragStart","decl":{"start":{"line":33,"column":27},"end":{"line":33,"column":59}},"loc":{"start":{"line":33,"column":27},"end":{"line":33,"column":59}},"line":33}},"f":{"0":5,"1":1}}
,"/home/aviv/dev/timeline_game/frontend/src/components/game/PlayerList.tsx": {"path":"/home/aviv/dev/timeline_game/frontend/src/components/game/PlayerList.tsx","all":false,"statementMap":{"10":{"start":{"line":11,"column":0},"end":{"line":11,"column":49}},"11":{"start":{"line":12,"column":0},"end":{"line":12,"column":11}},"12":{"start":{"line":13,"column":0},"end":{"line":13,"column":19}},"13":{"start":{"line":14,"column":0},"end":{"line":14,"column":21}},"14":{"start":{"line":15,"column":0},"end":{"line":15,"column":13}},"15":{"start":{"line":16,"column":0},"end":{"line":16,"column":7}},"16":{"start":{"line":17,"column":0},"end":{"line":17,"column":10}},"17":{"start":{"line":18,"column":0},"end":{"line":18,"column":55}},"18":{"start":{"line":19,"column":0},"end":{"line":19,"column":62}},"19":{"start":{"line":20,"column":0},"end":{"line":20,"column":77}},"20":{"start":{"line":21,"column":0},"end":{"line":21,"column":47}},"21":{"start":{"line":22,"column":0},"end":{"line":22,"column":27}},"22":{"start":{"line":23,"column":0},"end":{"line":23,"column":14}},"23":{"start":{"line":24,"column":0},"end":{"line":24,"column":12}},"25":{"start":{"line":26,"column":0},"end":{"line":26,"column":33}},"26":{"start":{"line":27,"column":0},"end":{"line":27,"column":34}},"27":{"start":{"line":28,"column":0},"end":{"line":28,"column":62}},"28":{"start":{"line":29,"column":0},"end":{"line":29,"column":101}},"30":{"start":{"line":31,"column":0},"end":{"line":31,"column":18}},"31":{"start":{"line":32,"column":0},"end":{"line":32,"column":16}},"32":{"start":{"line":33,"column":0},"end":{"line":33,"column":29}},"33":{"start":{"line":34,"column":0},"end":{"line":34,"column":26}},"35":{"start":{"line":36,"column":0},"end":{"line":36,"column":32}},"36":{"start":{"line":37,"column":0},"end":{"line":37,"column":51}},"37":{"start":{"line":38,"column":0},"end":{"line":38,"column":48}},"38":{"start":{"line":39,"column":0},"end":{"line":39,"column":17}},"39":{"start":{"line":40,"column":0},"end":{"line":40,"column":62}},"42":{"start":{"line":43,"column":0},"end":{"line":43,"column":59}},"43":{"start":{"line":44,"column":0},"end":{"line":44,"column":33}},"45":{"start":{"line":46,"column":0},"end":{"line":46,"column":67}},"46":{"start":{"line":47,"column":0},"end":{"line":47,"column":21}},"48":{"start":{"line":49,"column":0},"end":{"line":49,"column":21}},"49":{"start":{"line":5
[...]
line":97,"column":46}},"97":{"start":{"line":98,"column":0},"end":{"line":98,"column":29}},"100":{"start":{"line":101,"column":0},"end":{"line":101,"column":75}},"102":{"start":{"line":103,"column":0},"end":{"line":103,"column":20}},"103":{"start":{"line":104,"column":0},"end":{"line":104,"column":4}},"105":{"start":{"line":106,"column":0},"end":{"line":106,"column":101}},"106":{"start":{"line":107,"column":0},"end":{"line":107,"column":35}},"109":{"start":{"line":110,"column":0},"end":{"line":110,"column":73}},"112":{"start":{"line":113,"column":0},"end":{"line":113,"column":67}},"113":{"start":{"line":114,"column":0},"end":{"line":114,"column":71}},"116":{"start":{"line":117,"column":0},"end":{"line":117,"column":73}},"118":{"start":{"line":119,"column":0},"end":{"line":119,"column":20}},"119":{"start":{"line":120,"column":0},"end":{"line":120,"column":4}},"120":{"start":{"line":121,"column":0},"end":{"line":121,"column":2}},"123":{"start":{"line":124,"column":0},"end":{"line":124,"column":39}}},"s":{"1":1,"2":1,"3":1,"10":1,"11":66,"12":66,"13":66,"14":66,"16":66,"18":1,"19":49,"20":49,"21":49,"22":49,"25":49,"26":0,"27":0,"29":49,"30":49,"31":49,"32":49,"33":49,"36":1,"37":1,"38":0,"39":0,"40":0,"42":1,"43":0,"44":0,"45":0,"47":1,"48":0,"49":0,"50":0,"52":1,"53":0,"54":0,"55":0,"57":1,"58":0,"59":0,"60":0,"62":1,"63":0,"64":0,"65":0,"66":1,"69":1,"70":1,"71":0,"72":0,"74":1,"75":0,"76":0,"78":1,"79":0,"80":0,"82":1,"83":0,"84":0,"85":1,"88":1,"89":1,"90":0,"93":0,"96":0,"97":0,"100":0,"102":0,"103":0,"105":1,"106":0,"109":0,"112":0,"113":0,"116":0,"118":0,"119":0,"120":1,"123":1},"branchMap":{"0":{"type":"branch","line":11,"loc":{"start":{"line":11,"column":65},"end":{"line":17,"column":2}},"locations":[{"start":{"line":11,"column":65},"end":{"line":17,"column":2}}]},"1":{"type":"branch","line":19,"loc":{"start":{"line":19,"column":21},"end":{"line":34,"column":2}},"locations":[{"start":{"line":19,"column":21},"end":{"line":34,"column":2}}]},"2":{"type":"branch","line":26,"loc":{"start":{"line":26,"column":21},"end":{"line":28,"column":3}},"locations":[{"start":{"line":26,"column":21},"end":{"line":28,"column":3}}]}},"b":{"0":[66],"1":[49],"2":[0]},"fnMap":{"0":{"name":"AllTheProviders","decl":{"start":{"line":11,"column":65},"end":{"line":17,"column":2}},"loc":{"start":{"line":11,"column":65},"end":{"line":17,"column":2}},"line":11},"1":{"name":"customRender","decl":{"start":{"line":19,"column":21},"end":{"line":34,"column":2}},"loc":{"start":{"line":19,"column":21},"end":{"line":34,"column":2}},"line":19},"2":{"name":"click","decl":{"start":{"line":38,"column":9},"end":{"line":41,"column":4}},"loc":{"start":{"line":38,"column":9},"end":{"line":41,"column":4}},"line":38},"3":{"name":"type","decl":{"start":{"line":43,"column":8},"end":{"line":46,"column":4}},"loc":{"start":{"line":43,"column":8},"end":{"line":46,"column":4}},"line":43},"4":{"name":"clear","decl":{"start":{"line":48,"column":9},"end":{"line":51,"column":4}},"loc":{"start":{"line":48,"column":9},"end":{"line":51,"column":4}},"line":48},"5":{"name":"tab","decl":{"start":{"line":53,"column":7},"end":{"line":56,"column":4}},"loc":{"start":{"line":53,"column":7},"end":{"line":56,"column":4}},"line":53},"6":{"name":"keyboard","decl":{"start":{"line":58,"column":12},"end":{"line":61,"column":4}},"loc":{"start":{"line":58,"column":12},"end":{"line":61,"column":4}},"line":58},"7":{"name":"submitForm","decl":{"start":{"line":63,"column":14},"end":{"line":66,"column":4}},"loc":{"start":{"line":63,"column":14},"end":{"line":66,"column":4}},"line":63},"8":{"name":"hasRole","decl":{"start":{"line":71,"column":11},"end":{"line":73,"column":4}},"loc":{"start":{"line":71,"column":11},"end":{"line":73,"column":4}},"line":71},"9":{"name":"hasAriaLabel","decl":{"start":{"line":75,"column":16},"end":{"line":77,"column":4}},"loc":{"start":{"line":75,"column":16},"end":{"line":77,"column":4}},"line":75},"10":{"name":"isFocusable","decl":{"start":{"line":79,"column":15},"end":{"line":81,"column":4}},"loc":{"start":{"line":79,"column":15},"end":{"line":81,"column":4}},"line":79},"11":{"name":"isDisabled","decl":{"start":{"line":83,"column":14},"end":{"line":85,"column":4}},"loc":{"start":{"line":83,"column":14},"end":{"line":85,"column":4}},"line":83},"12":{"name":"createGame","decl":{"start":{"line":90,"column":14},"end":{"line":104,"column":4}},"loc":{"start":{"line":90,"column":14},"end":{"line":104,"column":4}},"line":90},"13":{"name":"joinGame","decl":{"start":{"line":106,"column":12},"end":{"line":120,"column":4}},"loc":{"start":{"line":106,"column":12},"end":{"line":120,"column":4}},"line":106}},"f":{"0":66,"1":49,"2":0,"3":0,"4":0,"5":0,"6":0,"7":0,"8":0,"9":0,"10":0,"11":0,"12":0,"13":0}}
,"/home/aviv/dev/timeline_game/frontend/src/test/factories/game.ts": {"path":"/home/aviv/dev/timeline_game/frontend/src/test/factories/game.ts","all":true,"statementMap":{"3":{"start":{"line":4,"column":0},"end":{"line":4,"column":73}},"4":{"start":{"line":5,"column":0},"end":{"line":5,"column":17}},"5":{"start":{"line":6,"column":0},"end":{"line":6,"column":22}},"6":{"start":{"line":7,"column":0},"end":{"line":7,"column":16}},"7":{"start":{"line":8,"column":0},"end":{"line":8,"column":20}},"8":{"start":{"line":9,"column":0},"end":{"line":9,"column":14}},"9":{"start":{"line":10,"column":0},"end":{"line":10,"column":36}},"10":{"start":{"line":11,"column":0},"end":{"line":11,"column":36}},"11":{"start":{"line":12,"column":0},"end":{"line":12,"column":15}},"12":{"start":{"line":13,"column":0},"end":{"line":13,"column":3}},"14":{"start":{"line":15,"column":0},"end":{"line":15,"column":78}},"15":{"start":{"line":16,"column":0},"end":{"line":16,"column":22}},"16":{"start":{"line":17,"column":0},"end":{"line":17,"column":42}},"17":{"start":{"line":18,"column":0},"end":{"line":18,"column":51}},"18":{"start":{"line":19,"column":0},"end":{"line":19,"column":3}},"20":{"start":{"line":21,"column":0},"end":{"line":21,"column":48}},"21":{"start":{"line":22,"column":0},"end":{"line":22,"column":22}},"22":{"start":{"line":23,"column":0},"end":{"line":23,"column":32}},"23":{"start":{"line":24,"column":0},"end":{"line":24,"column":16}},"24":{"start":{"line":25,"column":0},"end":{"line":25,"column":20}},"25":{"start":{"line":26,"column":0},"end":{"line":26,"column":3}},"28":{"start":{"line":29,"column":0},"end":{"line":29,"column":79}},"29":{"start":{"line":30,"column":0},"end":{"line":30,"column":19}},"30":{"start":{"line":31,"column":0},"end":{"line":31,"column":21}},"31":{"start":{"line":32,"column":0},"end":{"line":32,"column":16}},"32":{"start":{"line":33,"column":0},"end":{"line":33,"column":17}},"33":{"start":{"line":34,"column":0},"end":{"line":34,"column":35}},"34":{"start":{"line":35,"column":0},"end":{"line":35,"column":15}},"35":{"start":{"line":36,"column":0},"end":{"line":36,"column":3}},"37":{"start":{"line":38,"column":0},"end":{"line":38,"column":46}},"38":{"start":{"line":39,"column":0},"end":{"line":39,"column":24}},"39":{"start":{"line":40,"column":0},"end":{"line":40,"column":15}},"40":{"start":{"line":41,"column":0},"end":{"line":41,"column":19}},"41":{"start":{"line":42,"column":0},"end":{"line":42,"column":3}},"43":{"start":{"line":44,"column":0},"end":{"line":44,"column":63}},"44":{"start":{"line":45,"column":0},"end":{"line":45,"column":53}},"45":{"start":{"line":46,"column":0},"end":{"line":46,"column":22}},"46":{"start":{"line":47,"column":0},"end":{"line":47,"column":32}},"47":{"start":{"line":48,"column":0},"end":{"line":48,"column":33}},"48":{"start":{"line":49,"column":0},"end":{"line":49,"column":26}},"49":{"start":{"line":50,"column":0},"end":{"line":50,"column":6}},"50":{"start":{"line":51,"column":0},"end":{"line":51,"column":4}},"51":{"start":{"line":52,"column":0},"end":{"line":52,"column":2}},"54":{"start":{"line":55,"column":0},"end":{"line":55,"column":112}},"55":{"start":{"line":56,"column":0},"end":{"line":56,"column":27}},"56":{"start":{"line":57,"column":0},"end":{"line":57,"column":16}},"57":{"start":{"line":58,"column":0},"end":{"line":58,"column":15}},"58":{"start":{"line":59,"column":0},"end":{"line":59,"column":3}},"60":{"start":{"line":61,"column":0},"end":{"line":61,"column":115}},"61":{"start":{"line":62,"column":0},"end":{"line":62,"column":25}},"62":{"start":{"line":63,"column":0},"end":{"line":63,"column":22}},"63":{"start":{"line":64,"column":0},"end":{"line":64,"column":21}},"64":{"start":{"line":65,"column":0},"end":{"line":65,"column":15}},"65":{"start":{"line":66,"column":0},"end":{"line":66,"column":3}},"67":{"start":{"line":68,"column":0},"end":{"line":68,"column":106}},"68":{"start":{"line":69,"column":0},"end":{"line":69,"column":22}},"69":{"start":{"line":70,"column":0},"end":{"line":70,"column":27}},"70":{"start":{"line":71,"column":0},"end":{"line":71,"column":15}},"71":{"start":{"line":72,"column":0},"end":{"line":72,"column":3}},"73":{"start":{"line":74,"column":0},"end":{"line":74,"column":109}},"74":{"start":{"line":75,"column":0},"end":{"line":75,"column":25}},"75":{"start":{"line":76,"column":0},"end":{"line":76,"column":29}},"76":{"start":{"line":77,"column":0},"end":{"line":77,"column":15}},"77":{"start":{"line":78,"column":0},"end":{"line":78,"column":3}},"80":{"start":{"line":81,"column":0},"end":{"line":81,"column":51}},"81":{"start":{"line":82,"column":0},"end":{"line":82,"column":26}},"82":{"start":{"line":83,"column":0},"end":{"line":83,"column":60}},"83":{"start":{"line":84,"column":0},"end":{"line":84,"column":18}},"84":{"start":{"line":85,"column":0},"end":{"line":85,"column":3}},"86":{"start":{"line":87,"column":0},"end":{"line":87,"column":47}},"87":{"start":{"line":88,"column":0},"end":{"line":88,"column":24}},"88":{"start":{"line":89,"column":0},"end":{"line":89,"column":70}},"89":{"start":{"line":90,"column":0},"end":{"line":90,"column":18}},"90":{"start":{"line":91,"column":0},"end":{"line":91,"column":3}},"92":{"start":{"line":93,"column":0},"end":{"line":93,"column":54}},"93":{"start":{"line":94,"column":0},"end":{"line":94,"column":29}},"94":{"start":{"line":95,"column":0},"end":{"line":95,"column":65}},"95":{"start":{"line":96,"column":0},"end":{"line":96,"column":18}},"96":{"start":{"line":97,"column":0},"end":{"line":97,"column":3}},"98":{"start":{"line":99,"column":0},"end":{"line":99,"column":46}},"99":{"start":{"line":100,"column":0},"end":{"line":100,"column":25}},"100":{"start":{"line":101,"column":0},"end":{"line":101,"column":85}},"101":{"start":{"line":102,"column":0},"end":{"line":102,"column":16}},"102":{"start":{"line":103,"column":0},"end":{"line":103,"column":3}},"104":{"start":{"line":105,"column":0},"end":{"line":105,"column":45}},"105":{"start":{"line":106,"column":0},"end":{"line":106,"column":24}},"106":{"start":{"line":107,"column":0},"end":{"line":107,"column":57}},"107":{"start":{"line":108,"column":0},"end":{"line":108,"column":18}},"108":{"start":{"line":109,"column":0},"end":{"line":109,"column":3}}},"s":{"3":0,"4":0,"5":0,"6":0,"7":0,"8":0,"9":0,"10":0,"11":0,"12":0,"14":0,"15":0,"16":0,"17":0,"18":0,"20":0,"21":0,"22":0,"23":0,"24":0,"25":0,"28":0,"29":0,"30":0,"31":0,"32":0,"33":0,"34":0,"35":0,"37":0,"38":0,"39":0,"40":0,"41":0,"43":0,"44":0,"45":0,"46":0,"47":0,"48":0,"49":0,"50":0,"51":0,"54":0,"55":0,"56":0,"57":0,"58":0,"60":0,"61":0,"62":0,"63":0,"64":0,"65":0,"67":0,"68":0,"69":0,"70":0,"71":0,"73":0,"74":0,"75":0,"76":0,"77":0,"80":0,"81":0,"82":0,"83":0,"84":0,"86":0,"87":0,"88":0,"89":0,"90":0,"92":0,"93":0,"94":0,"95":0,"96":0,"98":0,"99":0,"100":0,"101":0,"102":0,"104":0,"105":0,"106":0,"107":0,"108":0},"branchMap":{"0":{"type":"branch","line":1,"loc":{"start":{"line":1,"column":3053},"end":{"line":109,"column":3}},"locations":[{"start":{"line":1,"column":3053},"end":{"line":109,"column":3}}]}},"b":{"0":[1]},"fnMap":{"0":{"name":"(empty-report)","decl":{"start":{"line":1,"column":3053},"end":{"line":109,"column":3}},"loc":{"start":{"line":1,"column":3053},"end":{"line":109,"column":3}},"line":1}},"f":{"0":1}}
,"/home/aviv/dev/timeline_game/frontend/src/types/api.ts": {"path":"/home/aviv/dev/timeline_game/frontend/src/types/api.ts","all":true,"statementMap":{},"s":{},"branchMap":{"0":{"type":"branch","line":1,"loc":{"start":{"line":1,"column":463},"end":{"line":27,"column":1}},"locations":[{"start":{"line":1,"column":463},"end":{"line":27,"column":1}}]}},"b":{"0":[1]},"fnMap":{"0":{"name":"(empty-report)","decl":{"start":{"line":1,"column":463},"end":{"line":27,"column":1}},"loc":{"start":{"line":1,"column":463},"end":{"line":27,"column":1}},"line":1}},"f":{"0":1}}
,"/home/aviv/dev/timeline_game/frontend/src/types/game.ts": {"path":"/home/aviv/dev/timeline_game/frontend/src/types/game.ts","all":true,"statementMap":{},"s":{},"branchMap":{"0":{"type":"branch","line":1,"loc":{"start":{"line":1,"column":1489},"end":{"line":84,"column":1}},"locations":[{"start":{"line":1,"column":1489},"end":{"line":84,"column":1}}]}},"b":{"0":[1]},"fnMap":{"0":{"name":"(empty-report)","decl":{"start":{"line":1,"column":1489},"end":{"line":84,"column":1}},"loc":{"start":{"line":1,"column":1489},"end":{"line":84,"column":1}},"line":1}},"f":{"0":1}}
,"/home/aviv/dev/timeline_game/frontend/src/utils/constants.ts": {"path":"/home/aviv/dev/timeline_game/frontend/src/utils/constants.ts","all":true,"statementMap":{"0":{"start":{"line":1,"column":0},"end":{"line":1,"column":40}},"2":{"start":{"line":3,"column":0},"end":{"line":3,"column":30}},"3":{"start":{"line":4,"column":0},"end":{"line":4,"column":18}},"4":{"start":{"line":5,"column":0},"end":{"line":5,"column":27}},"5":{"start":{"line":6,"column":0},"end":{"line":6,"column":11}},"7":{"start":{"line":8,"column":0},"end":{"line":8,"column":31}},"8":{"start":{"line":9,"column":0},"end":{"line":9,"column":17}},"9":{"start":{"line":10,"column":0},"end":{"line":10,"column":17}},"10":{"start":{"line":11,"column":0},"end":{"line":11,"column":25}},"11":{"start":{"line":12,"column":0},"end":{"line":12,"column":22}},"12":{"start":{"line":13,"column":0},"end":{"line":13,"column":11}},"14":{"start":{"line":15,"column":0},"end":{"line":15,"column":36}},"15":{"start":{"line":16,"column":0},"end":{"line":16,"column":37}},"16":{"start":{"line":17,"column":0},"end":{"line":17,"column":73}},"17":{"start":{"line":18,"column":0},"end":{"line":18,"column":74}},"18":{"start":{"line":19,"column":0},"end":{"line":19,"column":35}},"19":{"start":{"line":20,"column":0},"end":{"line":20,"column":11}},"21":{"start":{"line":22,"column":0},"end":{"line":22,"column":31}},"22":{"start":{"line":23,"column":0},"end":{"line":23,"column":64}},"23":{"start":{"line":24,"column":0},"end":{"line":24,"column":56}},"24":{"start":{"line":25,"column":0},"end":{"line":25,"column":64}},"25":{"start":{"line":26,"column":0},"end":{"line":26,"column":54}},"26":{"start":{"line":27,"column":0},"end":{"line":27,"column":66}},"27":{"start":{"line":28,"column":0},"end":{"line":28,"column":49}},"28":{"start":{"line":29,"column":0},"end":{"line":29,"column":11}},"30":{"start":{"line":31,"column":0},"end":{"line":31,"column":33}},"31":{"start":{"line":32,"column":0},"end":{"line":32,"column":45}},"32":{"start":{"line":33,"column":0},"end":{"line":33,"column":47}},"33":{"start":{"line":34,"column":0},"end":{"line":34,"column":11}}},"s":{"0":0,"2":0,"3":0,"4":0,"5":0,"7":0,"8":0,"9":0,"10":0,"11":0,"12":0,"14":0,"15":0,"16":0,"17":0,"18":0,"19":0,"21":0,"22":0,"23":0,"24":0,"25":0,"26":0,"27":0,"28":0,"30":0,"31":0,"32":0,"33":0},"branchMap":{"0":{"type":"branch","line":1,"loc":{"start":{"line":1,"column":1079},"end":{"line":34,"column":11}},"locations":[{"start":{"line":1,"column":1079},"end":{"line":34,"column":11}}]}},"b":{"0":[0]},"fnMap":{"0":{"name":"(empty-report)","decl":{"start":{"line":1,"column":1079},"end":{"line":34,"column":11}},"loc":{"start":{"line":1,"column":1079},"end":{"line":34,"column":11}},"line":1}},"f":{"0":0}}
,"/home/aviv/dev/timeline_game/frontend/src/utils/validation.ts": {"path":"/home/aviv/dev/timeline_game/frontend/src/utils/validation.ts","all":true,"statementMap":{"0":{"start":{"line":1,"column":0},"end":{"line":1,"column":70}},"1":{"start":{"line":2,"column":0},"end":{"line":2,"column":18}},"2":{"start":{"line":3,"column":0},"end":{"line":3,"column":35}},"3":{"start":{"line":4,"column":0},"end":{"line":4,"column":3}},"5":{"start":{"line":6,"column":0},"end":{"line":6,"column":30}},"6":{"start":{"line":7,"column":0},"end":{"line":7,"column":49}},"7":{"start":{"line":8,"column":0},"end":{"line":8,"column":3}},"9":{"start":{"line":10,"column":0},"end":{"line":10,"column":40}},"10":{"start":{"line":11,"column":0},"end":{"line":11,"column":71}},"11":{"start":{"line":12,"column":0},"end":{"line":12,"column":3}},"13":{"start":{"line":14,"column":0},"end":{"line":14,"column":14}},"14":{"start":{"line":15,"column":0},"end":{"line":15,"column":2}},"16":{"start":{"line":17,"column":0},"end":{"line":17,"column":68}},"17":{"start":{"line":18,"column":0},"end":{"line":18,"column":14}},"18":{"start":{"line":19,"column":0},"end":{"line":19,"column":37}},"19":{"start":{"line":20,"column":0},"end":{"line":20,"column":3}},"21":{"start":{"line":22,"column":0},"end":{"line":22,"column":24}},"22":{"start":{"line":23,"column":0},"end":{"line":23,"column":60}},"23":{"start":{"line":24,"column":0},"end":{"line":24,"column":3}},"25":{"start":{"line":26,"column":0},"end":{"line":26,"column":25}},"26":{"start":{"line":27,"column":0},"end":{"line":27,"column":62}},"27":{"start":{"line":28,"column":0},"end":{"line":28,"column":3}},"29":{"start":{"line":30,"column":0},"end":{"line":30,"column":41}},"30":{"start":{"line":31,"column":0},"end":{"line":31,"column":93}},"31":{"start":{"line":32,"column":0},"end":{"line":32,"column":3}},"33":{"start":{"line":34,"column":0},"end":{"line":34,"column":14}},"34":{"start":{"line":35,"column":0},"end":{"line":35,"column":2}},"36":{"start":{"line":37,"column":0},"end":{"line":37,"column":74}},"37":{"start":{"line":38,"column":0},"end":{"line":38,"column":23}},"38":{"start":{"line":39,"column":0},"end":{"line":39,"column":48}},"39":{"start":{"line":40,"column":0},"end":{"line":40,"column":3}},"41":{"start":{"line":42,"column":0},"end":{"line":42,"column":23}},"42":{"start":{"line":43,"column":0},"end":{"line":43,"column":45}},"43":{"start":{"line":44,"column":0},"end":{"line":44,"column":3}},"45":{"start":{"line":46,"column":0},"end":{"line":46,"column":14}},"46":{"start":{"line":47,"column":0},"end":{"line":47,"column":2}},"48":{"start":{"line":49,"column":0},"end":{"line":49,"column":145}},"49":{"start":{"line":50,"column":0},"end":{"line":50,"column":44}},"51":{"start":{"line":52,"column":0},"end":{"line":52,"column":44}},"52":{"start":{"line":53,"column":0},"end":{"line":53,"column":40}},"53":{"start":{"line":54,"column":0},"end":{"line":54,"column":32}},"54":{"start":{"line":55,"column":0},"end":{"line":55,"column":35}},"56":{"start":{"line":57,"column":0},"end":{"line":57,"column":16}},"57":{"start":{"line":58,"column":0},"end":{"line":58,"column":28}},"58":{"start":{"line":59,"column":0},"end":{"line":59,"column":5}},"59":{"start":{"line":60,"column":0},"end":{"line":60,"column":5}},"61":{"start":{"line":62,"column":0},"end":{"line":62,"column":16}},"62":{"start":{"line":63,"column":0},"end":{"line":63,"column":2}}},"s":{"0":0,"1":0,"2":0,"3":0,"5":0,"6":0,"7":0,"9":0,"10":0,"11":0,"13":0,"14":0,"16":0,"17":0,"18":0,"19":0,"21":0,"22":0,"23":0,"25":0,"26":0,"27":0,"29":0,"30":0,"31":0,"33":0,"34":0,"36":0,"37":0,"38":0,"39":0,"41":0,"42":0,"43":0,"45":0,"46":0,"48":0,"49":0,"51":0,"52":0,"53":0,"54":0,"56":0,"57":0,"58":0,"59":0,"61":0,"62":0},"branchMap":{"0":{"type":"branch","line":1,"loc":{"start":{"line":1,"column":1525},"end":{"line":63,"column":2}},"locations":[{"start":{"line":1,"column":1525},"end":{"line":63,"column":2}}]}},"b":{"0":[0]},"fnMap":{"0":{"name":"(empty-report)","decl":{"start":{"line":1,"column":1525},"end":{"line":63,"column":2}},"loc":{"start":{"line":1,"column":1525},"end":{"line":63,"column":2}},"line":1}},"f":{"0":0}}
}
